<?xml version="1.0" encoding="utf-8"?>
<CoverageSession xmlns:xsd="http://www.w3.org/2001/XMLSchema" xmlns:xsi="http://www.w3.org/2001/XMLSchema-instance">
  <Summary numSequencePoints="476" visitedSequencePoints="353" numBranchPoints="257" visitedBranchPoints="177" sequenceCoverage="74.16" branchCoverage="68.87" maxCyclomaticComplexity="10" minCyclomaticComplexity="1" visitedClasses="34" numClasses="39" visitedMethods="135" numMethods="177" />
  <Modules>
    <Module skippedDueTo="Filter" hash="B2-E7-C6-75-5A-8F-45-0B-CA-A7-A6-86-F2-5E-94-26-D2-45-2F-3F">
      <ModulePath>c:\program files\dotnet\shared\Microsoft.NETCore.App\2.1.0\System.Private.CoreLib.dll</ModulePath>
      <ModuleTime>2018-05-15T17:03:40Z</ModuleTime>
      <ModuleName>System.Private.CoreLib</ModuleName>
      <Classes />
    </Module>
    <Module skippedDueTo="MissingPdb" hash="2B-FA-51-67-24-04-EA-9E-F0-4F-31-BC-83-93-95-5A-B6-73-00-98">
      <ModulePath>c:\program files\dotnet\sdk\2.1.300\dotnet.dll</ModulePath>
      <ModuleTime>2018-05-22T18:56:18Z</ModuleTime>
      <ModuleName>dotnet</ModuleName>
      <Classes />
    </Module>
    <Module skippedDueTo="Filter" hash="9F-39-BF-B3-E6-CA-45-5F-FF-EC-C9-17-D3-19-65-B0-6E-2F-17-4E">
      <ModulePath>c:\program files\dotnet\shared\Microsoft.NETCore.App\2.1.0\System.Runtime.dll</ModulePath>
      <ModuleTime>2018-05-15T17:03:38Z</ModuleTime>
      <ModuleName>System.Runtime</ModuleName>
      <Classes />
    </Module>
    <Module skippedDueTo="MissingPdb" hash="10-D9-5E-5F-C1-30-6D-DC-D5-57-8D-8E-D0-DC-07-D7-C0-91-30-27">
      <ModulePath>c:\program files\dotnet\sdk\2.1.300\Microsoft.DotNet.Cli.Utils.dll</ModulePath>
      <ModuleTime>2018-05-22T19:00:08Z</ModuleTime>
      <ModuleName>Microsoft.DotNet.Cli.Utils</ModuleName>
      <Classes />
    </Module>
    <Module skippedDueTo="MissingPdb" hash="CE-9A-28-50-C8-7A-CB-EA-AB-DB-66-61-78-38-6D-69-39-93-C5-40">
      <ModulePath>c:\program files\dotnet\shared\Microsoft.NETCore.App\2.1.0\netstandard.dll</ModulePath>
      <ModuleTime>2018-05-15T17:03:40Z</ModuleTime>
      <ModuleName>netstandard</ModuleName>
      <Classes />
    </Module>
    <Module skippedDueTo="Filter" hash="8D-7A-CE-FA-10-05-D7-6F-3C-AC-3E-F0-BA-01-AD-CE-0B-22-99-8B">
      <ModulePath>c:\program files\dotnet\shared\Microsoft.NETCore.App\2.1.0\System.Runtime.Extensions.dll</ModulePath>
      <ModuleTime>2018-05-15T17:03:38Z</ModuleTime>
      <ModuleName>System.Runtime.Extensions</ModuleName>
      <Classes />
    </Module>
    <Module skippedDueTo="Filter" hash="40-85-75-1E-6D-24-67-1C-AF-4E-3B-D9-80-9C-3F-AB-6D-60-D4-C0">
      <ModulePath>c:\program files\dotnet\shared\Microsoft.NETCore.App\2.1.0\System.Runtime.Loader.dll</ModulePath>
      <ModuleTime>2018-05-15T17:03:38Z</ModuleTime>
      <ModuleName>System.Runtime.Loader</ModuleName>
      <Classes />
    </Module>
    <Module skippedDueTo="MissingPdb" hash="25-FE-65-CF-8D-DE-90-81-68-78-51-35-16-D5-62-62-94-42-F1-2D">
      <ModulePath>c:\program files\dotnet\sdk\2.1.300\Microsoft.DotNet.PlatformAbstractions.dll</ModulePath>
      <ModuleTime>2018-05-22T19:00:08Z</ModuleTime>
      <ModuleName>Microsoft.DotNet.PlatformAbstractions</ModuleName>
      <Classes />
    </Module>
    <Module skippedDueTo="Filter" hash="BD-CE-88-18-22-8A-25-85-EF-42-FE-24-18-B9-4F-9D-F6-47-F0-A9">
      <ModulePath>c:\program files\dotnet\shared\Microsoft.NETCore.App\2.1.0\System.Runtime.InteropServices.RuntimeInformation.dll</ModulePath>
      <ModuleTime>2018-05-15T17:03:38Z</ModuleTime>
      <ModuleName>System.Runtime.InteropServices.RuntimeInformation</ModuleName>
      <Classes />
    </Module>
    <Module skippedDueTo="Filter" hash="7C-48-0B-B8-42-17-41-57-6D-4B-89-E5-56-89-D0-D0-8F-11-92-5B">
      <ModulePath>c:\program files\dotnet\shared\Microsoft.NETCore.App\2.1.0\System.Runtime.InteropServices.dll</ModulePath>
      <ModuleTime>2018-05-15T17:03:38Z</ModuleTime>
      <ModuleName>System.Runtime.InteropServices</ModuleName>
      <Classes />
    </Module>
    <Module skippedDueTo="Filter" hash="DC-82-33-86-1B-03-21-60-3C-01-E1-E1-DD-56-79-12-7A-1D-2E-21">
      <ModulePath>c:\program files\dotnet\shared\Microsoft.NETCore.App\2.1.0\System.Threading.dll</ModulePath>
      <ModuleTime>2018-05-15T17:03:38Z</ModuleTime>
      <ModuleName>System.Threading</ModuleName>
      <Classes />
    </Module>
    <Module skippedDueTo="Filter" hash="25-50-01-7A-06-31-FD-01-25-66-B3-FF-54-A1-13-10-BF-28-EA-43">
      <ModulePath>c:\program files\dotnet\shared\Microsoft.NETCore.App\2.1.0\System.IO.FileSystem.dll</ModulePath>
      <ModuleTime>2018-05-15T17:03:34Z</ModuleTime>
      <ModuleName>System.IO.FileSystem</ModuleName>
      <Classes />
    </Module>
    <Module skippedDueTo="Filter" hash="66-45-6C-B8-6E-33-46-CE-D5-9F-71-FB-DC-B0-1E-2B-68-D1-4A-7D">
      <ModulePath>c:\program files\dotnet\sdk\2.1.300\runtimes\win\lib\netcoreapp2.0\System.Text.Encoding.CodePages.dll</ModulePath>
      <ModuleTime>2018-05-22T18:56:18Z</ModuleTime>
      <ModuleName>System.Text.Encoding.CodePages</ModuleName>
      <Classes />
    </Module>
    <Module skippedDueTo="Filter" hash="24-71-BF-19-D6-43-AE-96-67-A7-D6-7A-23-51-8F-EA-D9-BB-9E-0B">
      <ModulePath>c:\program files\dotnet\shared\Microsoft.NETCore.App\2.1.0\System.Collections.dll</ModulePath>
      <ModuleTime>2018-05-15T17:03:34Z</ModuleTime>
      <ModuleName>System.Collections</ModuleName>
      <Classes />
    </Module>
    <Module skippedDueTo="Filter" hash="9E-5F-AD-60-04-57-6F-40-C1-C3-F9-E2-BC-8E-5E-64-5E-61-98-48">
      <ModulePath>c:\program files\dotnet\shared\Microsoft.NETCore.App\2.1.0\System.Collections.Concurrent.dll</ModulePath>
      <ModuleTime>2018-05-15T17:03:34Z</ModuleTime>
      <ModuleName>System.Collections.Concurrent</ModuleName>
      <Classes />
    </Module>
    <Module skippedDueTo="Filter" hash="D0-AD-42-F2-E9-D2-D4-94-0D-63-8C-61-4E-52-4F-0D-DA-1A-CD-6F">
      <ModulePath>c:\program files\dotnet\shared\Microsoft.NETCore.App\2.1.0\System.Threading.Thread.dll</ModulePath>
      <ModuleTime>2018-05-15T17:03:38Z</ModuleTime>
      <ModuleName>System.Threading.Thread</ModuleName>
      <Classes />
    </Module>
    <Module skippedDueTo="MissingPdb" hash="43-AC-B9-A0-7E-21-D1-DB-A8-42-3B-84-83-FD-34-8D-97-77-3A-87">
      <ModulePath>c:\program files\dotnet\sdk\2.1.300\Microsoft.DotNet.Configurer.dll</ModulePath>
      <ModuleTime>2018-05-22T19:00:08Z</ModuleTime>
      <ModuleName>Microsoft.DotNet.Configurer</ModuleName>
      <Classes />
    </Module>
    <Module skippedDueTo="MissingPdb" hash="98-6B-2F-2D-04-DB-0A-94-C1-B7-FA-63-EF-04-60-1A-1E-61-B4-43">
      <ModulePath>c:\program files\dotnet\sdk\2.1.300\Microsoft.DotNet.Cli.CommandLine.dll</ModulePath>
      <ModuleTime>2018-05-22T19:00:08Z</ModuleTime>
      <ModuleName>Microsoft.DotNet.Cli.CommandLine</ModuleName>
      <Classes />
    </Module>
    <Module skippedDueTo="Filter" hash="75-89-4A-9A-A6-FC-DB-A1-DD-35-84-48-C9-3B-21-8A-92-4A-92-5F">
      <ModulePath>c:\program files\dotnet\shared\Microsoft.NETCore.App\2.1.0\System.Diagnostics.Process.dll</ModulePath>
      <ModuleTime>2018-05-15T17:03:34Z</ModuleTime>
      <ModuleName>System.Diagnostics.Process</ModuleName>
      <Classes />
    </Module>
    <Module skippedDueTo="MissingPdb" hash="5D-42-85-92-97-CA-1E-FF-47-73-15-41-50-01-36-CD-4A-CD-55-6C">
      <ModulePath>c:\program files\dotnet\sdk\2.1.300\Microsoft.DotNet.InternalAbstractions.dll</ModulePath>
      <ModuleTime>2018-05-22T19:00:08Z</ModuleTime>
      <ModuleName>Microsoft.DotNet.InternalAbstractions</ModuleName>
      <Classes />
    </Module>
    <Module skippedDueTo="Filter" hash="9F-99-A9-A6-DD-81-FE-32-D3-9F-D2-E3-AD-B9-5F-98-E3-C3-D3-BD">
      <ModulePath>c:\program files\dotnet\shared\Microsoft.NETCore.App\2.1.0\System.Linq.dll</ModulePath>
      <ModuleTime>2018-05-15T17:03:36Z</ModuleTime>
      <ModuleName>System.Linq</ModuleName>
      <Classes />
    </Module>
    <Module skippedDueTo="MissingPdb" hash="D2-56-A4-DE-8B-E4-74-DB-2A-9D-96-42-3C-8E-47-75-8A-85-8F-DA">
      <ModulePath>c:\program files\dotnet\sdk\2.1.300\NuGet.Frameworks.dll</ModulePath>
      <ModuleTime>2018-05-22T19:03:40Z</ModuleTime>
      <ModuleName>NuGet.Frameworks</ModuleName>
      <Classes />
    </Module>
    <Module skippedDueTo="Filter" hash="FB-2A-22-7D-6B-48-6C-07-93-20-FE-9E-D2-85-0C-2E-DA-B6-18-C7">
      <ModulePath>c:\program files\dotnet\shared\Microsoft.NETCore.App\2.1.0\System.Console.dll</ModulePath>
      <ModuleTime>2018-05-15T17:03:34Z</ModuleTime>
      <ModuleName>System.Console</ModuleName>
      <Classes />
    </Module>
    <Module skippedDueTo="Filter" hash="3C-1A-D1-7D-BD-42-C9-7D-FE-CD-90-2F-00-88-4C-15-52-1E-4E-0F">
      <ModulePath>c:\program files\dotnet\shared\Microsoft.NETCore.App\2.1.0\System.IO.FileSystem.Primitives.dll</ModulePath>
      <ModuleTime>2018-05-15T17:03:34Z</ModuleTime>
      <ModuleName>System.IO.FileSystem.Primitives</ModuleName>
      <Classes />
    </Module>
    <Module skippedDueTo="Filter" hash="AE-68-82-F2-C5-D2-6B-96-09-C2-97-18-05-09-35-66-CE-14-B6-EC">
      <ModulePath>c:\program files\dotnet\shared\Microsoft.NETCore.App\2.1.0\System.AppContext.dll</ModulePath>
      <ModuleTime>2018-05-15T17:03:32Z</ModuleTime>
      <ModuleName>System.AppContext</ModuleName>
      <Classes />
    </Module>
    <Module skippedDueTo="Filter" hash="99-33-4D-CD-87-78-88-0E-F6-12-EF-CA-31-D9-97-F4-A8-D8-3D-E1">
      <ModulePath>c:\program files\dotnet\shared\Microsoft.NETCore.App\2.1.0\System.Memory.dll</ModulePath>
      <ModuleTime>2018-05-15T17:03:36Z</ModuleTime>
      <ModuleName>System.Memory</ModuleName>
      <Classes />
    </Module>
    <Module skippedDueTo="Filter" hash="93-AD-CD-25-C3-0E-A0-A6-7A-07-9E-D5-7A-CB-BF-3D-90-A1-F9-C5">
      <ModulePath>c:\program files\dotnet\shared\Microsoft.NETCore.App\2.1.0\System.IO.dll</ModulePath>
      <ModuleTime>2018-05-15T17:03:36Z</ModuleTime>
      <ModuleName>System.IO</ModuleName>
      <Classes />
    </Module>
    <Module skippedDueTo="Filter" hash="4B-C9-61-40-58-3E-0C-63-D9-7B-DD-60-9F-00-0F-85-73-7E-F7-06">
      <ModulePath>c:\program files\dotnet\shared\Microsoft.NETCore.App\2.1.0\System.Text.Encoding.Extensions.dll</ModulePath>
      <ModuleTime>2018-05-15T17:03:38Z</ModuleTime>
      <ModuleName>System.Text.Encoding.Extensions</ModuleName>
      <Classes />
    </Module>
    <Module skippedDueTo="MissingPdb" hash="0D-0F-7D-34-CA-A6-65-47-7B-9A-11-AC-9B-85-8D-E3-52-ED-44-21">
      <ModulePath>c:\program files\dotnet\sdk\2.1.300\Microsoft.ApplicationInsights.dll</ModulePath>
      <ModuleTime>2018-05-22T19:00:08Z</ModuleTime>
      <ModuleName>Microsoft.ApplicationInsights</ModuleName>
      <Classes />
    </Module>
    <Module skippedDueTo="Filter" hash="99-CC-76-16-41-8D-C7-16-82-C9-39-01-13-46-6B-62-39-B8-7E-32">
      <ModulePath>c:\program files\dotnet\shared\Microsoft.NETCore.App\2.1.0\System.Reflection.Extensions.dll</ModulePath>
      <ModuleTime>2018-05-15T17:03:38Z</ModuleTime>
      <ModuleName>System.Reflection.Extensions</ModuleName>
      <Classes />
    </Module>
    <Module skippedDueTo="Filter" hash="1E-3D-7F-D9-96-A2-6B-1F-8A-00-47-08-B1-B4-3D-4B-FC-82-C0-E0">
      <ModulePath>c:\program files\dotnet\shared\Microsoft.NETCore.App\2.1.0\System.Reflection.dll</ModulePath>
      <ModuleTime>2018-05-15T17:03:38Z</ModuleTime>
      <ModuleName>System.Reflection</ModuleName>
      <Classes />
    </Module>
    <Module skippedDueTo="Filter" hash="7B-69-F4-1E-A3-58-9E-D6-28-EB-77-F1-9D-13-F7-D8-20-E7-06-CC">
      <ModulePath>c:\program files\dotnet\shared\Microsoft.NETCore.App\2.1.0\System.Xml.XDocument.dll</ModulePath>
      <ModuleTime>2018-05-15T17:03:38Z</ModuleTime>
      <ModuleName>System.Xml.XDocument</ModuleName>
      <Classes />
    </Module>
    <Module skippedDueTo="Filter" hash="21-08-D5-0F-67-C7-B3-A5-F0-0B-F9-E9-57-C9-65-4E-BD-60-05-42">
      <ModulePath>c:\program files\dotnet\shared\Microsoft.NETCore.App\2.1.0\System.Private.Xml.Linq.dll</ModulePath>
      <ModuleTime>2018-05-15T17:03:36Z</ModuleTime>
      <ModuleName>System.Private.Xml.Linq</ModuleName>
      <Classes />
    </Module>
    <Module skippedDueTo="Filter" hash="6C-10-44-7E-EF-B7-6F-EF-94-1C-16-FA-4B-F1-3F-1A-2E-B7-36-36">
      <ModulePath>c:\program files\dotnet\shared\Microsoft.NETCore.App\2.1.0\System.Security.Cryptography.Algorithms.dll</ModulePath>
      <ModuleTime>2018-05-15T17:03:38Z</ModuleTime>
      <ModuleName>System.Security.Cryptography.Algorithms</ModuleName>
      <Classes />
    </Module>
    <Module skippedDueTo="Filter" hash="96-1F-A5-9A-60-99-81-FC-8E-F0-9A-6E-0B-B0-7C-FD-63-B6-C5-CD">
      <ModulePath>c:\program files\dotnet\shared\Microsoft.NETCore.App\2.1.0\System.Security.Cryptography.Primitives.dll</ModulePath>
      <ModuleTime>2018-05-15T17:03:38Z</ModuleTime>
      <ModuleName>System.Security.Cryptography.Primitives</ModuleName>
      <Classes />
    </Module>
    <Module skippedDueTo="Filter" hash="59-22-E0-A2-F3-0C-E7-ED-94-CC-53-3D-C8-3A-1A-1E-27-CB-A9-37">
      <ModulePath>c:\program files\dotnet\shared\Microsoft.NETCore.App\2.1.0\System.Private.Xml.dll</ModulePath>
      <ModuleTime>2018-05-15T17:03:36Z</ModuleTime>
      <ModuleName>System.Private.Xml</ModuleName>
      <Classes />
    </Module>
    <Module skippedDueTo="Filter" hash="A7-E9-86-00-CF-78-E5-77-89-9A-59-FD-9F-AE-61-2D-6A-36-CF-91">
      <ModulePath>c:\program files\dotnet\shared\Microsoft.NETCore.App\2.1.0\System.Text.RegularExpressions.dll</ModulePath>
      <ModuleTime>2018-05-15T17:03:38Z</ModuleTime>
      <ModuleName>System.Text.RegularExpressions</ModuleName>
      <Classes />
    </Module>
    <Module skippedDueTo="Filter" hash="5E-40-03-20-BE-51-A5-B8-5B-25-4F-F1-25-17-FA-A8-F7-D6-1D-75">
      <ModulePath>c:\program files\dotnet\shared\Microsoft.NETCore.App\2.1.0\System.Xml.ReaderWriter.dll</ModulePath>
      <ModuleTime>2018-05-15T17:03:38Z</ModuleTime>
      <ModuleName>System.Xml.ReaderWriter</ModuleName>
      <Classes />
    </Module>
    <Module skippedDueTo="Filter" hash="D8-1F-91-FC-FE-F3-18-9C-C0-64-98-06-CA-A4-4A-14-A8-D4-E1-A1">
      <ModulePath>c:\program files\dotnet\shared\Microsoft.NETCore.App\2.1.0\System.Diagnostics.Tracing.dll</ModulePath>
      <ModuleTime>2018-05-15T17:03:34Z</ModuleTime>
      <ModuleName>System.Diagnostics.Tracing</ModuleName>
      <Classes />
    </Module>
    <Module skippedDueTo="Filter" hash="9D-16-07-1F-E6-AE-43-F8-08-7D-77-2C-41-30-DA-C0-55-6C-5D-B8">
      <ModulePath>c:\program files\dotnet\shared\Microsoft.NETCore.App\2.1.0\System.Private.Uri.dll</ModulePath>
      <ModuleTime>2018-05-15T17:03:36Z</ModuleTime>
      <ModuleName>System.Private.Uri</ModuleName>
      <Classes />
    </Module>
    <Module skippedDueTo="Filter" hash="4F-1F-3B-7B-DB-07-CF-E1-A3-99-93-8D-8C-97-A1-6A-0C-41-8E-E9">
      <ModulePath>c:\program files\dotnet\shared\Microsoft.NETCore.App\2.1.0\System.Threading.Tasks.dll</ModulePath>
      <ModuleTime>2018-05-15T17:03:38Z</ModuleTime>
      <ModuleName>System.Threading.Tasks</ModuleName>
      <Classes />
    </Module>
    <Module skippedDueTo="Filter" hash="42-A9-56-1E-D9-D8-E5-61-4B-B5-2A-4C-CA-8E-A6-DE-FB-9F-B4-71">
      <ModulePath>c:\program files\dotnet\shared\Microsoft.NETCore.App\2.1.0\System.Globalization.dll</ModulePath>
      <ModuleTime>2018-05-15T17:03:34Z</ModuleTime>
      <ModuleName>System.Globalization</ModuleName>
      <Classes />
    </Module>
    <Module skippedDueTo="Filter" hash="0A-4E-6E-9A-77-64-F6-77-BF-DB-19-83-60-08-67-E6-59-D4-B5-89">
      <ModulePath>c:\program files\dotnet\shared\Microsoft.NETCore.App\2.1.0\System.Buffers.dll</ModulePath>
      <ModuleTime>2018-05-15T17:03:34Z</ModuleTime>
      <ModuleName>System.Buffers</ModuleName>
      <Classes />
    </Module>
    <Module skippedDueTo="Filter" hash="BB-70-F4-68-DD-92-B3-F6-FB-00-D6-D4-4C-56-CB-EF-A3-91-1B-0D">
      <ModulePath>c:\program files\dotnet\shared\Microsoft.NETCore.App\2.1.0\System.Reflection.Emit.ILGeneration.dll</ModulePath>
      <ModuleTime>2018-05-15T17:03:38Z</ModuleTime>
      <ModuleName>System.Reflection.Emit.ILGeneration</ModuleName>
      <Classes />
    </Module>
    <Module skippedDueTo="Filter" hash="38-CE-AE-5A-FB-25-CF-0E-7C-94-96-84-5F-7C-AD-3A-56-F4-A2-A4">
      <ModulePath>c:\program files\dotnet\shared\Microsoft.NETCore.App\2.1.0\System.Reflection.Emit.Lightweight.dll</ModulePath>
      <ModuleTime>2018-05-15T17:03:38Z</ModuleTime>
      <ModuleName>System.Reflection.Emit.Lightweight</ModuleName>
      <Classes />
    </Module>
    <Module skippedDueTo="Filter" hash="CC-EB-DD-C7-0A-85-19-06-8D-84-86-4E-4E-44-CF-17-AF-4A-84-68">
      <ModulePath>c:\program files\dotnet\shared\Microsoft.NETCore.App\2.1.0\System.Reflection.Primitives.dll</ModulePath>
      <ModuleTime>2018-05-15T17:03:38Z</ModuleTime>
      <ModuleName>System.Reflection.Primitives</ModuleName>
      <Classes />
    </Module>
    <Module skippedDueTo="Filter" hash="B1-14-2E-2B-2D-74-A8-39-95-C9-CD-C4-2D-7C-86-6D-97-7E-30-39">
      <ModulePath>c:\program files\dotnet\shared\Microsoft.NETCore.App\2.1.0\System.Resources.ResourceManager.dll</ModulePath>
      <ModuleTime>2018-05-15T17:03:38Z</ModuleTime>
      <ModuleName>System.Resources.ResourceManager</ModuleName>
      <Classes />
    </Module>
    <Module skippedDueTo="MissingPdb" hash="F3-1F-A6-80-63-32-8B-A0-D0-9E-15-DE-87-B6-B9-1A-A2-25-7C-66">
      <ModulePath>c:\program files\dotnet\sdk\2.1.300\pt-BR\dotnet.resources.dll</ModulePath>
      <ModuleTime>2018-05-22T18:57:00Z</ModuleTime>
      <ModuleName>dotnet.resources</ModuleName>
      <Classes />
    </Module>
    <Module skippedDueTo="MissingPdb" hash="20-B2-59-8F-C7-14-4E-F0-13-BD-7E-A3-10-08-23-76-28-0E-DB-8D">
      <ModulePath>c:\program files\dotnet\shared\Microsoft.NETCore.App\2.1.0\Microsoft.Win32.Registry.dll</ModulePath>
      <ModuleTime>2018-05-15T17:03:32Z</ModuleTime>
      <ModuleName>Microsoft.Win32.Registry</ModuleName>
      <Classes />
    </Module>
    <Module skippedDueTo="Filter" hash="CB-39-E5-B1-B4-D2-03-F7-BD-8B-F2-1B-FF-A9-EA-6F-4B-61-93-6D">
      <ModulePath>c:\program files\dotnet\shared\Microsoft.NETCore.App\2.1.0\System.Diagnostics.Tools.dll</ModulePath>
      <ModuleTime>2018-05-15T17:03:34Z</ModuleTime>
      <ModuleName>System.Diagnostics.Tools</ModuleName>
      <Classes />
    </Module>
    <Module skippedDueTo="Filter" hash="20-62-97-87-EA-D6-D2-70-FB-5A-D2-29-1E-B7-32-2D-E1-23-80-FA">
      <ModulePath>c:\program files\dotnet\shared\Microsoft.NETCore.App\2.1.0\System.Diagnostics.Debug.dll</ModulePath>
      <ModuleTime>2018-05-15T17:03:34Z</ModuleTime>
      <ModuleName>System.Diagnostics.Debug</ModuleName>
      <Classes />
    </Module>
    <Module skippedDueTo="Filter" hash="6D-9D-C3-30-B6-80-47-63-E9-F9-98-B3-86-27-D0-F5-80-75-FE-62">
      <ModulePath>c:\program files\dotnet\shared\Microsoft.NETCore.App\2.1.0\System.Text.Encoding.dll</ModulePath>
      <ModuleTime>2018-05-15T17:03:38Z</ModuleTime>
      <ModuleName>System.Text.Encoding</ModuleName>
      <Classes />
    </Module>
    <Module skippedDueTo="Filter" hash="66-3E-96-27-78-BC-78-E5-7A-31-7D-F8-36-DC-98-0F-1D-42-CC-49">
      <ModulePath>c:\program files\dotnet\shared\Microsoft.NETCore.App\2.1.0\System.IO.Compression.dll</ModulePath>
      <ModuleTime>2018-05-15T17:03:34Z</ModuleTime>
      <ModuleName>System.IO.Compression</ModuleName>
      <Classes />
    </Module>
    <Module skippedDueTo="MissingPdb" hash="41-4A-9A-A2-E1-F8-6E-7D-B4-28-4D-C5-7A-5F-EF-78-9E-E6-46-F4">
      <ModulePath>c:\program files\dotnet\sdk\2.1.300\Microsoft.Build.Framework.dll</ModulePath>
      <ModuleTime>2018-05-22T19:00:08Z</ModuleTime>
      <ModuleName>Microsoft.Build.Framework</ModuleName>
      <Classes />
    </Module>
    <Module skippedDueTo="Filter" hash="66-30-70-85-91-ED-55-B3-0B-E6-B9-A6-64-9D-CC-CC-94-0A-EE-C8">
      <ModulePath>c:\program files\dotnet\shared\Microsoft.NETCore.App\2.1.0\System.Net.Http.dll</ModulePath>
      <ModuleTime>2018-05-15T17:03:36Z</ModuleTime>
      <ModuleName>System.Net.Http</ModuleName>
      <Classes />
    </Module>
    <Module skippedDueTo="Filter" hash="F9-67-FE-2B-96-8A-EC-95-FB-27-2A-27-AA-B3-38-DC-99-35-B9-A1">
      <ModulePath>c:\program files\dotnet\shared\Microsoft.NETCore.App\2.1.0\System.ComponentModel.Primitives.dll</ModulePath>
      <ModuleTime>2018-05-15T17:03:34Z</ModuleTime>
      <ModuleName>System.ComponentModel.Primitives</ModuleName>
      <Classes />
    </Module>
    <Module skippedDueTo="Filter" hash="B1-C8-79-68-C3-E4-96-D6-C7-EB-75-26-AC-CE-24-90-57-2E-90-BA">
      <ModulePath>c:\program files\dotnet\shared\Microsoft.NETCore.App\2.1.0\System.Net.Primitives.dll</ModulePath>
      <ModuleTime>2018-05-15T17:03:36Z</ModuleTime>
      <ModuleName>System.Net.Primitives</ModuleName>
      <Classes />
    </Module>
    <Module skippedDueTo="Filter" hash="CB-26-D8-B4-F5-C0-85-70-AA-9F-52-97-F5-68-EC-32-9B-2D-73-B3">
      <ModulePath>c:\program files\dotnet\shared\Microsoft.NETCore.App\2.1.0\System.Net.Security.dll</ModulePath>
      <ModuleTime>2018-05-15T17:03:36Z</ModuleTime>
      <ModuleName>System.Net.Security</ModuleName>
      <Classes />
    </Module>
    <Module skippedDueTo="MissingPdb" hash="0F-17-E9-42-47-D4-6C-92-50-FA-03-31-93-DC-B9-61-95-E3-80-A2">
      <ModulePath>c:\program files\dotnet\shared\Microsoft.NETCore.App\2.1.0\Microsoft.Win32.Primitives.dll</ModulePath>
      <ModuleTime>2018-05-15T17:03:32Z</ModuleTime>
      <ModuleName>Microsoft.Win32.Primitives</ModuleName>
      <Classes />
    </Module>
    <Module skippedDueTo="Filter" hash="98-96-3F-E5-73-90-B1-DF-65-97-14-A3-21-62-18-F5-77-F5-B3-B6">
      <ModulePath>c:\program files\dotnet\shared\Microsoft.NETCore.App\2.1.0\System.Security.Cryptography.X509Certificates.dll</ModulePath>
      <ModuleTime>2018-05-15T17:03:38Z</ModuleTime>
      <ModuleName>System.Security.Cryptography.X509Certificates</ModuleName>
      <Classes />
    </Module>
    <Module skippedDueTo="Filter" hash="0F-DB-A7-E6-AA-F8-E5-3E-DE-54-3D-EA-49-AC-84-46-97-51-FA-C2">
      <ModulePath>c:\program files\dotnet\shared\Microsoft.NETCore.App\2.1.0\System.Diagnostics.DiagnosticSource.dll</ModulePath>
      <ModuleTime>2018-05-15T17:03:34Z</ModuleTime>
      <ModuleName>System.Diagnostics.DiagnosticSource</ModuleName>
      <Classes />
    </Module>
    <Module skippedDueTo="Filter" hash="C0-16-E9-9B-FF-FA-5B-79-E3-1C-03-FB-3D-CB-62-55-5D-54-B0-65">
      <ModulePath>c:\program files\dotnet\shared\Microsoft.NETCore.App\2.1.0\System.Collections.NonGeneric.dll</ModulePath>
      <ModuleTime>2018-05-15T17:03:34Z</ModuleTime>
      <ModuleName>System.Collections.NonGeneric</ModuleName>
      <Classes />
    </Module>
    <Module skippedDueTo="Filter" hash="83-47-75-52-B4-4C-F0-7A-DA-4F-28-C8-7A-7F-40-D2-DB-8A-36-84">
      <ModulePath>c:\program files\dotnet\shared\Microsoft.NETCore.App\2.1.0\System.Threading.Timer.dll</ModulePath>
      <ModuleTime>2018-05-15T17:03:38Z</ModuleTime>
      <ModuleName>System.Threading.Timer</ModuleName>
      <Classes />
    </Module>
    <Module skippedDueTo="Filter" hash="0A-B2-E4-7B-B0-E9-FD-9C-A8-4F-38-C9-DE-41-06-D4-7B-D0-78-CC">
      <ModulePath>c:\program files\dotnet\shared\Microsoft.NETCore.App\2.1.0\System.Net.NetworkInformation.dll</ModulePath>
      <ModuleTime>2018-05-15T17:03:36Z</ModuleTime>
      <ModuleName>System.Net.NetworkInformation</ModuleName>
      <Classes />
    </Module>
    <Module skippedDueTo="Filter" hash="3F-BD-5F-B2-1B-D5-24-D9-56-14-4D-D5-55-71-7D-18-8E-58-FE-39">
      <ModulePath>c:\program files\dotnet\shared\Microsoft.NETCore.App\2.1.0\System.Net.Sockets.dll</ModulePath>
      <ModuleTime>2018-05-15T17:03:36Z</ModuleTime>
      <ModuleName>System.Net.Sockets</ModuleName>
      <Classes />
    </Module>
    <Module skippedDueTo="Filter" hash="16-06-8F-98-40-06-94-A2-59-B4-EB-EA-21-F3-79-D0-0A-AD-45-7D">
      <ModulePath>c:\program files\dotnet\shared\Microsoft.NETCore.App\2.1.0\System.Threading.Overlapped.dll</ModulePath>
      <ModuleTime>2018-05-15T17:03:38Z</ModuleTime>
      <ModuleName>System.Threading.Overlapped</ModuleName>
      <Classes />
    </Module>
    <Module skippedDueTo="Filter" hash="EC-3F-C7-DD-79-2E-04-92-8D-F3-A5-60-2F-FB-16-43-DD-1B-31-10">
      <ModulePath>c:\program files\dotnet\shared\Microsoft.NETCore.App\2.1.0\System.Net.NameResolution.dll</ModulePath>
      <ModuleTime>2018-05-15T17:03:36Z</ModuleTime>
      <ModuleName>System.Net.NameResolution</ModuleName>
      <Classes />
    </Module>
    <Module skippedDueTo="Filter" hash="FE-78-53-9B-1A-13-3F-2F-ED-91-53-E1-AA-73-FA-63-EF-04-D3-99">
      <ModulePath>c:\program files\dotnet\shared\Microsoft.NETCore.App\2.1.0\System.Security.Principal.Windows.dll</ModulePath>
      <ModuleTime>2018-05-15T17:03:38Z</ModuleTime>
      <ModuleName>System.Security.Principal.Windows</ModuleName>
      <Classes />
    </Module>
    <Module skippedDueTo="Filter" hash="D3-0C-F6-3D-A6-F7-83-3E-1E-46-C2-F3-6F-5E-E8-35-37-73-4B-30">
      <ModulePath>c:\program files\dotnet\shared\Microsoft.NETCore.App\2.1.0\System.Security.Claims.dll</ModulePath>
      <ModuleTime>2018-05-15T17:03:38Z</ModuleTime>
      <ModuleName>System.Security.Claims</ModuleName>
      <Classes />
    </Module>
    <Module skippedDueTo="Filter" hash="12-B7-51-68-45-5A-41-43-72-AB-32-1D-14-F1-4B-C8-FE-3E-0C-95">
      <ModulePath>c:\program files\dotnet\shared\Microsoft.NETCore.App\2.1.0\System.Security.Principal.dll</ModulePath>
      <ModuleTime>2018-05-15T17:03:38Z</ModuleTime>
      <ModuleName>System.Security.Principal</ModuleName>
      <Classes />
    </Module>
    <Module skippedDueTo="Filter" hash="B2-E7-C6-75-5A-8F-45-0B-CA-A7-A6-86-F2-5E-94-26-D2-45-2F-3F">
      <ModulePath>c:\program files\dotnet\shared\Microsoft.NETCore.App\2.1.0\System.Private.CoreLib.dll</ModulePath>
      <ModuleTime>2018-05-15T17:03:40Z</ModuleTime>
      <ModuleName>System.Private.CoreLib</ModuleName>
      <Classes />
    </Module>
    <Module skippedDueTo="Filter" hash="06-17-26-DD-65-DD-EF-6E-2E-D9-3B-5F-6B-34-E5-D7-6D-F3-F7-E0">
      <ModulePath>c:\program files\dotnet\shared\Microsoft.NETCore.App\2.1.0\System.Security.Cryptography.Encoding.dll</ModulePath>
      <ModuleTime>2018-05-15T17:03:38Z</ModuleTime>
      <ModuleName>System.Security.Cryptography.Encoding</ModuleName>
      <Classes />
    </Module>
    <Module skippedDueTo="MissingPdb" hash="0B-00-63-62-08-97-52-5E-F9-8B-EB-3C-D1-A6-54-CE-C0-73-A7-B0">
      <ModulePath>c:\program files\dotnet\sdk\2.1.300\MSBuild.dll</ModulePath>
      <ModuleTime>2018-05-22T19:04:42Z</ModuleTime>
      <ModuleName>MSBuild</ModuleName>
      <Classes />
    </Module>
    <Module skippedDueTo="Filter" hash="9F-39-BF-B3-E6-CA-45-5F-FF-EC-C9-17-D3-19-65-B0-6E-2F-17-4E">
      <ModulePath>c:\program files\dotnet\shared\Microsoft.NETCore.App\2.1.0\System.Runtime.dll</ModulePath>
      <ModuleTime>2018-05-15T17:03:38Z</ModuleTime>
      <ModuleName>System.Runtime</ModuleName>
      <Classes />
    </Module>
    <Module skippedDueTo="Filter" hash="8D-7A-CE-FA-10-05-D7-6F-3C-AC-3E-F0-BA-01-AD-CE-0B-22-99-8B">
      <ModulePath>c:\program files\dotnet\shared\Microsoft.NETCore.App\2.1.0\System.Runtime.Extensions.dll</ModulePath>
      <ModuleTime>2018-05-15T17:03:38Z</ModuleTime>
      <ModuleName>System.Runtime.Extensions</ModuleName>
      <Classes />
    </Module>
    <Module skippedDueTo="Filter" hash="DC-82-33-86-1B-03-21-60-3C-01-E1-E1-DD-56-79-12-7A-1D-2E-21">
      <ModulePath>c:\program files\dotnet\shared\Microsoft.NETCore.App\2.1.0\System.Threading.dll</ModulePath>
      <ModuleTime>2018-05-15T17:03:38Z</ModuleTime>
      <ModuleName>System.Threading</ModuleName>
      <Classes />
    </Module>
    <Module skippedDueTo="Filter" hash="25-50-01-7A-06-31-FD-01-25-66-B3-FF-54-A1-13-10-BF-28-EA-43">
      <ModulePath>c:\program files\dotnet\shared\Microsoft.NETCore.App\2.1.0\System.IO.FileSystem.dll</ModulePath>
      <ModuleTime>2018-05-15T17:03:34Z</ModuleTime>
      <ModuleName>System.IO.FileSystem</ModuleName>
      <Classes />
    </Module>
    <Module skippedDueTo="Filter" hash="BD-CE-88-18-22-8A-25-85-EF-42-FE-24-18-B9-4F-9D-F6-47-F0-A9">
      <ModulePath>c:\program files\dotnet\shared\Microsoft.NETCore.App\2.1.0\System.Runtime.InteropServices.RuntimeInformation.dll</ModulePath>
      <ModuleTime>2018-05-15T17:03:38Z</ModuleTime>
      <ModuleName>System.Runtime.InteropServices.RuntimeInformation</ModuleName>
      <Classes />
    </Module>
    <Module skippedDueTo="Filter" hash="9F-99-A9-A6-DD-81-FE-32-D3-9F-D2-E3-AD-B9-5F-98-E3-C3-D3-BD">
      <ModulePath>c:\program files\dotnet\shared\Microsoft.NETCore.App\2.1.0\System.Linq.dll</ModulePath>
      <ModuleTime>2018-05-15T17:03:36Z</ModuleTime>
      <ModuleName>System.Linq</ModuleName>
      <Classes />
    </Module>
    <Module skippedDueTo="Filter" hash="A7-E9-86-00-CF-78-E5-77-89-9A-59-FD-9F-AE-61-2D-6A-36-CF-91">
      <ModulePath>c:\program files\dotnet\shared\Microsoft.NETCore.App\2.1.0\System.Text.RegularExpressions.dll</ModulePath>
      <ModuleTime>2018-05-15T17:03:38Z</ModuleTime>
      <ModuleName>System.Text.RegularExpressions</ModuleName>
      <Classes />
    </Module>
    <Module skippedDueTo="Filter" hash="24-71-BF-19-D6-43-AE-96-67-A7-D6-7A-23-51-8F-EA-D9-BB-9E-0B">
      <ModulePath>c:\program files\dotnet\shared\Microsoft.NETCore.App\2.1.0\System.Collections.dll</ModulePath>
      <ModuleTime>2018-05-15T17:03:34Z</ModuleTime>
      <ModuleName>System.Collections</ModuleName>
      <Classes />
    </Module>
    <Module skippedDueTo="Filter" hash="0A-4E-6E-9A-77-64-F6-77-BF-DB-19-83-60-08-67-E6-59-D4-B5-89">
      <ModulePath>c:\program files\dotnet\shared\Microsoft.NETCore.App\2.1.0\System.Buffers.dll</ModulePath>
      <ModuleTime>2018-05-15T17:03:34Z</ModuleTime>
      <ModuleName>System.Buffers</ModuleName>
      <Classes />
    </Module>
    <Module skippedDueTo="Filter" hash="90-9A-ED-47-04-2B-8A-42-2C-26-2D-AC-58-1F-41-AA-7C-AB-DA-48">
      <ModulePath>c:\program files\dotnet\shared\Microsoft.NETCore.App\2.1.0\System.Threading.ThreadPool.dll</ModulePath>
      <ModuleTime>2018-05-15T17:03:38Z</ModuleTime>
      <ModuleName>System.Threading.ThreadPool</ModuleName>
      <Classes />
    </Module>
    <Module skippedDueTo="Filter" hash="99-33-4D-CD-87-78-88-0E-F6-12-EF-CA-31-D9-97-F4-A8-D8-3D-E1">
      <ModulePath>c:\program files\dotnet\shared\Microsoft.NETCore.App\2.1.0\System.Memory.dll</ModulePath>
      <ModuleTime>2018-05-15T17:03:36Z</ModuleTime>
      <ModuleName>System.Memory</ModuleName>
      <Classes />
    </Module>
    <Module skippedDueTo="Filter" hash="7C-48-0B-B8-42-17-41-57-6D-4B-89-E5-56-89-D0-D0-8F-11-92-5B">
      <ModulePath>c:\program files\dotnet\shared\Microsoft.NETCore.App\2.1.0\System.Runtime.InteropServices.dll</ModulePath>
      <ModuleTime>2018-05-15T17:03:38Z</ModuleTime>
      <ModuleName>System.Runtime.InteropServices</ModuleName>
      <Classes />
    </Module>
    <Module skippedDueTo="Filter" hash="FB-2A-22-7D-6B-48-6C-07-93-20-FE-9E-D2-85-0C-2E-DA-B6-18-C7">
      <ModulePath>c:\program files\dotnet\shared\Microsoft.NETCore.App\2.1.0\System.Console.dll</ModulePath>
      <ModuleTime>2018-05-15T17:03:34Z</ModuleTime>
      <ModuleName>System.Console</ModuleName>
      <Classes />
    </Module>
    <Module skippedDueTo="Filter" hash="75-89-4A-9A-A6-FC-DB-A1-DD-35-84-48-C9-3B-21-8A-92-4A-92-5F">
      <ModulePath>c:\program files\dotnet\shared\Microsoft.NETCore.App\2.1.0\System.Diagnostics.Process.dll</ModulePath>
      <ModuleTime>2018-05-15T17:03:34Z</ModuleTime>
      <ModuleName>System.Diagnostics.Process</ModuleName>
      <Classes />
    </Module>
    <Module skippedDueTo="Filter" hash="F9-67-FE-2B-96-8A-EC-95-FB-27-2A-27-AA-B3-38-DC-99-35-B9-A1">
      <ModulePath>c:\program files\dotnet\shared\Microsoft.NETCore.App\2.1.0\System.ComponentModel.Primitives.dll</ModulePath>
      <ModuleTime>2018-05-15T17:03:34Z</ModuleTime>
      <ModuleName>System.ComponentModel.Primitives</ModuleName>
      <Classes />
    </Module>
    <Module skippedDueTo="MissingPdb" hash="41-4A-9A-A2-E1-F8-6E-7D-B4-28-4D-C5-7A-5F-EF-78-9E-E6-46-F4">
      <ModulePath>c:\program files\dotnet\sdk\2.1.300\Microsoft.Build.Framework.dll</ModulePath>
      <ModuleTime>2018-05-22T19:00:08Z</ModuleTime>
      <ModuleName>Microsoft.Build.Framework</ModuleName>
      <Classes />
    </Module>
    <Module skippedDueTo="MissingPdb" hash="CE-9A-28-50-C8-7A-CB-EA-AB-DB-66-61-78-38-6D-69-39-93-C5-40">
      <ModulePath>c:\program files\dotnet\shared\Microsoft.NETCore.App\2.1.0\netstandard.dll</ModulePath>
      <ModuleTime>2018-05-15T17:03:40Z</ModuleTime>
      <ModuleName>netstandard</ModuleName>
      <Classes />
    </Module>
    <Module skippedDueTo="MissingPdb" hash="98-42-51-D3-30-C9-87-5D-C1-EF-E3-90-DF-95-44-6C-CA-37-C8-1B">
      <ModulePath>c:\program files\dotnet\sdk\2.1.300\Microsoft.Build.dll</ModulePath>
      <ModuleTime>2018-05-22T19:00:20Z</ModuleTime>
      <ModuleName>Microsoft.Build</ModuleName>
      <Classes />
    </Module>
    <Module skippedDueTo="Filter" hash="66-45-6C-B8-6E-33-46-CE-D5-9F-71-FB-DC-B0-1E-2B-68-D1-4A-7D">
      <ModulePath>c:\program files\dotnet\sdk\2.1.300\runtimes\win\lib\netcoreapp2.0\System.Text.Encoding.CodePages.dll</ModulePath>
      <ModuleTime>2018-05-22T18:56:18Z</ModuleTime>
      <ModuleName>System.Text.Encoding.CodePages</ModuleName>
      <Classes />
    </Module>
    <Module skippedDueTo="Filter" hash="9E-5F-AD-60-04-57-6F-40-C1-C3-F9-E2-BC-8E-5E-64-5E-61-98-48">
      <ModulePath>c:\program files\dotnet\shared\Microsoft.NETCore.App\2.1.0\System.Collections.Concurrent.dll</ModulePath>
      <ModuleTime>2018-05-15T17:03:34Z</ModuleTime>
      <ModuleName>System.Collections.Concurrent</ModuleName>
      <Classes />
    </Module>
    <Module skippedDueTo="MissingPdb" hash="2B-FA-51-67-24-04-EA-9E-F0-4F-31-BC-83-93-95-5A-B6-73-00-98">
      <ModulePath>c:\program files\dotnet\sdk\2.1.300\dotnet.dll</ModulePath>
      <ModuleTime>2018-05-22T18:56:18Z</ModuleTime>
      <ModuleName>dotnet</ModuleName>
      <Classes />
    </Module>
    <Module skippedDueTo="MissingPdb" hash="24-55-3A-CA-4E-C6-90-35-58-6E-6F-30-28-3D-A3-E0-18-20-89-47">
      <ModulePath>c:\program files\dotnet\sdk\2.1.300\Microsoft.DotNet.Tools.MigrateCommand.dll</ModulePath>
      <ModuleTime>2018-05-22T19:00:08Z</ModuleTime>
      <ModuleName>Microsoft.DotNet.Tools.MigrateCommand</ModuleName>
      <Classes />
    </Module>
    <Module skippedDueTo="MissingPdb" hash="43-AC-B9-A0-7E-21-D1-DB-A8-42-3B-84-83-FD-34-8D-97-77-3A-87">
      <ModulePath>c:\program files\dotnet\sdk\2.1.300\Microsoft.DotNet.Configurer.dll</ModulePath>
      <ModuleTime>2018-05-22T19:00:08Z</ModuleTime>
      <ModuleName>Microsoft.DotNet.Configurer</ModuleName>
      <Classes />
    </Module>
    <Module skippedDueTo="MissingPdb" hash="10-D9-5E-5F-C1-30-6D-DC-D5-57-8D-8E-D0-DC-07-D7-C0-91-30-27">
      <ModulePath>c:\program files\dotnet\sdk\2.1.300\Microsoft.DotNet.Cli.Utils.dll</ModulePath>
      <ModuleTime>2018-05-22T19:00:08Z</ModuleTime>
      <ModuleName>Microsoft.DotNet.Cli.Utils</ModuleName>
      <Classes />
    </Module>
    <Module skippedDueTo="MissingPdb" hash="D2-56-A4-DE-8B-E4-74-DB-2A-9D-96-42-3C-8E-47-75-8A-85-8F-DA">
      <ModulePath>c:\program files\dotnet\sdk\2.1.300\NuGet.Frameworks.dll</ModulePath>
      <ModuleTime>2018-05-22T19:03:40Z</ModuleTime>
      <ModuleName>NuGet.Frameworks</ModuleName>
      <Classes />
    </Module>
    <Module skippedDueTo="MissingPdb" hash="5D-42-85-92-97-CA-1E-FF-47-73-15-41-50-01-36-CD-4A-CD-55-6C">
      <ModulePath>c:\program files\dotnet\sdk\2.1.300\Microsoft.DotNet.InternalAbstractions.dll</ModulePath>
      <ModuleTime>2018-05-22T19:00:08Z</ModuleTime>
      <ModuleName>Microsoft.DotNet.InternalAbstractions</ModuleName>
      <Classes />
    </Module>
    <Module skippedDueTo="Filter" hash="3C-1A-D1-7D-BD-42-C9-7D-FE-CD-90-2F-00-88-4C-15-52-1E-4E-0F">
      <ModulePath>c:\program files\dotnet\shared\Microsoft.NETCore.App\2.1.0\System.IO.FileSystem.Primitives.dll</ModulePath>
      <ModuleTime>2018-05-15T17:03:34Z</ModuleTime>
      <ModuleName>System.IO.FileSystem.Primitives</ModuleName>
      <Classes />
    </Module>
    <Module skippedDueTo="MissingPdb" hash="0D-0F-7D-34-CA-A6-65-47-7B-9A-11-AC-9B-85-8D-E3-52-ED-44-21">
      <ModulePath>c:\program files\dotnet\sdk\2.1.300\Microsoft.ApplicationInsights.dll</ModulePath>
      <ModuleTime>2018-05-22T19:00:08Z</ModuleTime>
      <ModuleName>Microsoft.ApplicationInsights</ModuleName>
      <Classes />
    </Module>
    <Module skippedDueTo="Filter" hash="4B-C9-61-40-58-3E-0C-63-D9-7B-DD-60-9F-00-0F-85-73-7E-F7-06">
      <ModulePath>c:\program files\dotnet\shared\Microsoft.NETCore.App\2.1.0\System.Text.Encoding.Extensions.dll</ModulePath>
      <ModuleTime>2018-05-15T17:03:38Z</ModuleTime>
      <ModuleName>System.Text.Encoding.Extensions</ModuleName>
      <Classes />
    </Module>
    <Module skippedDueTo="MissingPdb" hash="25-FE-65-CF-8D-DE-90-81-68-78-51-35-16-D5-62-62-94-42-F1-2D">
      <ModulePath>c:\program files\dotnet\sdk\2.1.300\Microsoft.DotNet.PlatformAbstractions.dll</ModulePath>
      <ModuleTime>2018-05-22T19:00:08Z</ModuleTime>
      <ModuleName>Microsoft.DotNet.PlatformAbstractions</ModuleName>
      <Classes />
    </Module>
    <Module skippedDueTo="Filter" hash="99-CC-76-16-41-8D-C7-16-82-C9-39-01-13-46-6B-62-39-B8-7E-32">
      <ModulePath>c:\program files\dotnet\shared\Microsoft.NETCore.App\2.1.0\System.Reflection.Extensions.dll</ModulePath>
      <ModuleTime>2018-05-15T17:03:38Z</ModuleTime>
      <ModuleName>System.Reflection.Extensions</ModuleName>
      <Classes />
    </Module>
    <Module skippedDueTo="Filter" hash="1E-3D-7F-D9-96-A2-6B-1F-8A-00-47-08-B1-B4-3D-4B-FC-82-C0-E0">
      <ModulePath>c:\program files\dotnet\shared\Microsoft.NETCore.App\2.1.0\System.Reflection.dll</ModulePath>
      <ModuleTime>2018-05-15T17:03:38Z</ModuleTime>
      <ModuleName>System.Reflection</ModuleName>
      <Classes />
    </Module>
    <Module skippedDueTo="Filter" hash="7B-69-F4-1E-A3-58-9E-D6-28-EB-77-F1-9D-13-F7-D8-20-E7-06-CC">
      <ModulePath>c:\program files\dotnet\shared\Microsoft.NETCore.App\2.1.0\System.Xml.XDocument.dll</ModulePath>
      <ModuleTime>2018-05-15T17:03:38Z</ModuleTime>
      <ModuleName>System.Xml.XDocument</ModuleName>
      <Classes />
    </Module>
    <Module skippedDueTo="Filter" hash="21-08-D5-0F-67-C7-B3-A5-F0-0B-F9-E9-57-C9-65-4E-BD-60-05-42">
      <ModulePath>c:\program files\dotnet\shared\Microsoft.NETCore.App\2.1.0\System.Private.Xml.Linq.dll</ModulePath>
      <ModuleTime>2018-05-15T17:03:36Z</ModuleTime>
      <ModuleName>System.Private.Xml.Linq</ModuleName>
      <Classes />
    </Module>
    <Module skippedDueTo="Filter" hash="59-22-E0-A2-F3-0C-E7-ED-94-CC-53-3D-C8-3A-1A-1E-27-CB-A9-37">
      <ModulePath>c:\program files\dotnet\shared\Microsoft.NETCore.App\2.1.0\System.Private.Xml.dll</ModulePath>
      <ModuleTime>2018-05-15T17:03:36Z</ModuleTime>
      <ModuleName>System.Private.Xml</ModuleName>
      <Classes />
    </Module>
    <Module skippedDueTo="Filter" hash="5E-40-03-20-BE-51-A5-B8-5B-25-4F-F1-25-17-FA-A8-F7-D6-1D-75">
      <ModulePath>c:\program files\dotnet\shared\Microsoft.NETCore.App\2.1.0\System.Xml.ReaderWriter.dll</ModulePath>
      <ModuleTime>2018-05-15T17:03:38Z</ModuleTime>
      <ModuleName>System.Xml.ReaderWriter</ModuleName>
      <Classes />
    </Module>
    <Module skippedDueTo="Filter" hash="D8-1F-91-FC-FE-F3-18-9C-C0-64-98-06-CA-A4-4A-14-A8-D4-E1-A1">
      <ModulePath>c:\program files\dotnet\shared\Microsoft.NETCore.App\2.1.0\System.Diagnostics.Tracing.dll</ModulePath>
      <ModuleTime>2018-05-15T17:03:34Z</ModuleTime>
      <ModuleName>System.Diagnostics.Tracing</ModuleName>
      <Classes />
    </Module>
    <Module skippedDueTo="Filter" hash="9D-16-07-1F-E6-AE-43-F8-08-7D-77-2C-41-30-DA-C0-55-6C-5D-B8">
      <ModulePath>c:\program files\dotnet\shared\Microsoft.NETCore.App\2.1.0\System.Private.Uri.dll</ModulePath>
      <ModuleTime>2018-05-15T17:03:36Z</ModuleTime>
      <ModuleName>System.Private.Uri</ModuleName>
      <Classes />
    </Module>
    <Module skippedDueTo="Filter" hash="4F-1F-3B-7B-DB-07-CF-E1-A3-99-93-8D-8C-97-A1-6A-0C-41-8E-E9">
      <ModulePath>c:\program files\dotnet\shared\Microsoft.NETCore.App\2.1.0\System.Threading.Tasks.dll</ModulePath>
      <ModuleTime>2018-05-15T17:03:38Z</ModuleTime>
      <ModuleName>System.Threading.Tasks</ModuleName>
      <Classes />
    </Module>
    <Module skippedDueTo="Filter" hash="42-A9-56-1E-D9-D8-E5-61-4B-B5-2A-4C-CA-8E-A6-DE-FB-9F-B4-71">
      <ModulePath>c:\program files\dotnet\shared\Microsoft.NETCore.App\2.1.0\System.Globalization.dll</ModulePath>
      <ModuleTime>2018-05-15T17:03:34Z</ModuleTime>
      <ModuleName>System.Globalization</ModuleName>
      <Classes />
    </Module>
    <Module skippedDueTo="Filter" hash="2B-15-19-D9-E6-56-DC-AC-E0-43-94-94-4C-00-47-20-93-31-C3-E5">
      <ModulePath>c:\program files\dotnet\shared\Microsoft.NETCore.App\2.1.0\System.Threading.Tasks.Dataflow.dll</ModulePath>
      <ModuleTime>2018-05-15T17:03:38Z</ModuleTime>
      <ModuleName>System.Threading.Tasks.Dataflow</ModuleName>
      <Classes />
    </Module>
    <Module skippedDueTo="Filter" hash="6C-10-44-7E-EF-B7-6F-EF-94-1C-16-FA-4B-F1-3F-1A-2E-B7-36-36">
      <ModulePath>c:\program files\dotnet\shared\Microsoft.NETCore.App\2.1.0\System.Security.Cryptography.Algorithms.dll</ModulePath>
      <ModuleTime>2018-05-15T17:03:38Z</ModuleTime>
      <ModuleName>System.Security.Cryptography.Algorithms</ModuleName>
      <Classes />
    </Module>
    <Module skippedDueTo="Filter" hash="96-1F-A5-9A-60-99-81-FC-8E-F0-9A-6E-0B-B0-7C-FD-63-B6-C5-CD">
      <ModulePath>c:\program files\dotnet\shared\Microsoft.NETCore.App\2.1.0\System.Security.Cryptography.Primitives.dll</ModulePath>
      <ModuleTime>2018-05-15T17:03:38Z</ModuleTime>
      <ModuleName>System.Security.Cryptography.Primitives</ModuleName>
      <Classes />
    </Module>
    <Module skippedDueTo="MissingPdb" hash="20-B2-59-8F-C7-14-4E-F0-13-BD-7E-A3-10-08-23-76-28-0E-DB-8D">
      <ModulePath>c:\program files\dotnet\shared\Microsoft.NETCore.App\2.1.0\Microsoft.Win32.Registry.dll</ModulePath>
      <ModuleTime>2018-05-15T17:03:32Z</ModuleTime>
      <ModuleName>Microsoft.Win32.Registry</ModuleName>
      <Classes />
    </Module>
    <Module skippedDueTo="Filter" hash="B1-14-2E-2B-2D-74-A8-39-95-C9-CD-C4-2D-7C-86-6D-97-7E-30-39">
      <ModulePath>c:\program files\dotnet\shared\Microsoft.NETCore.App\2.1.0\System.Resources.ResourceManager.dll</ModulePath>
      <ModuleTime>2018-05-15T17:03:38Z</ModuleTime>
      <ModuleName>System.Resources.ResourceManager</ModuleName>
      <Classes />
    </Module>
    <Module skippedDueTo="MissingPdb" hash="BD-F0-0C-C4-CB-1C-B4-D6-36-C9-BD-73-D7-D1-38-7A-77-8A-02-8D">
      <ModulePath>c:\program files\dotnet\sdk\2.1.300\pt-BR\Microsoft.Build.resources.dll</ModulePath>
      <ModuleTime>2018-05-22T18:59:50Z</ModuleTime>
      <ModuleName>Microsoft.Build.resources</ModuleName>
      <Classes />
    </Module>
    <Module skippedDueTo="Filter" hash="41-ED-E1-98-BB-A2-1A-69-AC-77-E0-4E-8D-36-CF-B1-5A-52-81-B9">
      <ModulePath>c:\program files\dotnet\shared\Microsoft.NETCore.App\2.1.0\System.ObjectModel.dll</ModulePath>
      <ModuleTime>2018-05-15T17:03:36Z</ModuleTime>
      <ModuleName>System.ObjectModel</ModuleName>
      <Classes />
    </Module>
    <Module skippedDueTo="Filter" hash="D0-AD-42-F2-E9-D2-D4-94-0D-63-8C-61-4E-52-4F-0D-DA-1A-CD-6F">
      <ModulePath>c:\program files\dotnet\shared\Microsoft.NETCore.App\2.1.0\System.Threading.Thread.dll</ModulePath>
      <ModuleTime>2018-05-15T17:03:38Z</ModuleTime>
      <ModuleName>System.Threading.Thread</ModuleName>
      <Classes />
    </Module>
    <Module skippedDueTo="Filter" hash="9A-D5-0C-A3-5D-58-2D-DE-6A-31-89-EE-94-D7-1F-CA-8E-4A-4A-3A">
      <ModulePath>c:\program files\dotnet\shared\Microsoft.NETCore.App\2.1.0\System.Diagnostics.TraceSource.dll</ModulePath>
      <ModuleTime>2018-05-15T17:03:34Z</ModuleTime>
      <ModuleName>System.Diagnostics.TraceSource</ModuleName>
      <Classes />
    </Module>
    <Module skippedDueTo="Filter" hash="40-85-75-1E-6D-24-67-1C-AF-4E-3B-D9-80-9C-3F-AB-6D-60-D4-C0">
      <ModulePath>c:\program files\dotnet\shared\Microsoft.NETCore.App\2.1.0\System.Runtime.Loader.dll</ModulePath>
      <ModuleTime>2018-05-15T17:03:38Z</ModuleTime>
      <ModuleName>System.Runtime.Loader</ModuleName>
      <Classes />
    </Module>
    <Module skippedDueTo="MissingPdb" hash="72-0A-30-A7-22-EC-F1-8C-49-6B-B1-CA-D6-E7-A8-7F-FE-63-FD-8E">
      <ModulePath>c:\program files\dotnet\sdk\2.1.300\SdkResolvers\NuGet.MSBuildSdkResolver\NuGet.MSBuildSdkResolver.dll</ModulePath>
      <ModuleTime>2018-05-22T19:04:32Z</ModuleTime>
      <ModuleName>NuGet.MSBuildSdkResolver</ModuleName>
      <Classes />
    </Module>
    <Module skippedDueTo="Filter" hash="81-A4-25-B6-D3-88-DA-45-70-D0-3A-2D-05-DE-62-CD-FB-83-91-B1">
      <ModulePath>c:\program files\dotnet\shared\Microsoft.NETCore.App\2.1.0\System.Diagnostics.FileVersionInfo.dll</ModulePath>
      <ModuleTime>2018-05-15T17:03:34Z</ModuleTime>
      <ModuleName>System.Diagnostics.FileVersionInfo</ModuleName>
      <Classes />
    </Module>
    <Module skippedDueTo="Filter" hash="0B-FA-56-19-85-6A-C4-75-4C-10-0F-DC-F8-D1-5B-9B-CD-DC-C3-F6">
      <ModulePath>c:\program files\dotnet\shared\Microsoft.NETCore.App\2.1.0\System.Collections.Immutable.dll</ModulePath>
      <ModuleTime>2018-05-15T17:03:34Z</ModuleTime>
      <ModuleName>System.Collections.Immutable</ModuleName>
      <Classes />
    </Module>
    <Module skippedDueTo="Filter" hash="DC-EE-C1-38-F2-18-91-33-F1-C3-BD-36-22-CF-EB-CB-64-37-AA-32">
      <ModulePath>c:\program files\dotnet\shared\Microsoft.NETCore.App\2.1.0\System.Threading.Tasks.Parallel.dll</ModulePath>
      <ModuleTime>2018-05-15T17:03:38Z</ModuleTime>
      <ModuleName>System.Threading.Tasks.Parallel</ModuleName>
      <Classes />
    </Module>
    <Module skippedDueTo="MissingPdb" hash="8A-24-7E-36-DC-BB-93-15-20-2B-32-6B-08-66-22-C1-4D-10-12-59">
      <ModulePath>c:\program files\dotnet\sdk\2.1.300\Microsoft.Build.Utilities.Core.dll</ModulePath>
      <ModuleTime>2018-05-22T19:00:08Z</ModuleTime>
      <ModuleName>Microsoft.Build.Utilities.Core</ModuleName>
      <Classes />
    </Module>
    <Module skippedDueTo="Filter" hash="BB-70-F4-68-DD-92-B3-F6-FB-00-D6-D4-4C-56-CB-EF-A3-91-1B-0D">
      <ModulePath>c:\program files\dotnet\shared\Microsoft.NETCore.App\2.1.0\System.Reflection.Emit.ILGeneration.dll</ModulePath>
      <ModuleTime>2018-05-15T17:03:38Z</ModuleTime>
      <ModuleName>System.Reflection.Emit.ILGeneration</ModuleName>
      <Classes />
    </Module>
    <Module skippedDueTo="Filter" hash="38-CE-AE-5A-FB-25-CF-0E-7C-94-96-84-5F-7C-AD-3A-56-F4-A2-A4">
      <ModulePath>c:\program files\dotnet\shared\Microsoft.NETCore.App\2.1.0\System.Reflection.Emit.Lightweight.dll</ModulePath>
      <ModuleTime>2018-05-15T17:03:38Z</ModuleTime>
      <ModuleName>System.Reflection.Emit.Lightweight</ModuleName>
      <Classes />
    </Module>
    <Module skippedDueTo="Filter" hash="CC-EB-DD-C7-0A-85-19-06-8D-84-86-4E-4E-44-CF-17-AF-4A-84-68">
      <ModulePath>c:\program files\dotnet\shared\Microsoft.NETCore.App\2.1.0\System.Reflection.Primitives.dll</ModulePath>
      <ModuleTime>2018-05-15T17:03:38Z</ModuleTime>
      <ModuleName>System.Reflection.Primitives</ModuleName>
      <Classes />
    </Module>
    <Module skippedDueTo="MissingPdb" hash="FB-DC-55-48-ED-9E-8C-F4-0E-8F-50-C4-94-E6-C5-79-7F-EF-F6-51">
      <ModulePath>c:\program files\dotnet\sdk\2.1.300\Microsoft.Build.Tasks.Core.dll</ModulePath>
      <ModuleTime>2018-05-22T19:00:10Z</ModuleTime>
      <ModuleName>Microsoft.Build.Tasks.Core</ModuleName>
      <Classes />
    </Module>
    <Module skippedDueTo="MissingPdb" hash="18-EE-CC-43-F3-5A-28-5D-B0-E2-E8-22-54-66-C0-45-22-26-87-06">
      <ModulePath>c:\program files\dotnet\sdk\2.1.300\Microsoft.TestPlatform.Build.dll</ModulePath>
      <ModuleTime>2018-05-22T19:00:08Z</ModuleTime>
      <ModuleName>Microsoft.TestPlatform.Build</ModuleName>
      <Classes />
    </Module>
    <Module skippedDueTo="MissingPdb" hash="F6-11-46-8A-F0-98-87-39-E9-8F-E4-C6-C3-6A-6B-FD-B2-A1-2B-E9">
      <ModulePath>c:\program files\dotnet\sdk\2.1.300\pt-BR\Microsoft.TestPlatform.Build.resources.dll</ModulePath>
      <ModuleTime>2018-05-22T18:59:50Z</ModuleTime>
      <ModuleName>Microsoft.TestPlatform.Build.resources</ModuleName>
      <Classes />
    </Module>
    <Module skippedDueTo="MissingPdb" hash="0F-17-E9-42-47-D4-6C-92-50-FA-03-31-93-DC-B9-61-95-E3-80-A2">
      <ModulePath>c:\program files\dotnet\shared\Microsoft.NETCore.App\2.1.0\Microsoft.Win32.Primitives.dll</ModulePath>
      <ModuleTime>2018-05-15T17:03:32Z</ModuleTime>
      <ModuleName>Microsoft.Win32.Primitives</ModuleName>
      <Classes />
    </Module>
    <Module skippedDueTo="Filter" hash="B2-E7-C6-75-5A-8F-45-0B-CA-A7-A6-86-F2-5E-94-26-D2-45-2F-3F">
      <ModulePath>c:\program files\dotnet\shared\Microsoft.NETCore.App\2.1.0\System.Private.CoreLib.dll</ModulePath>
      <ModuleTime>2018-05-15T17:03:40Z</ModuleTime>
      <ModuleName>System.Private.CoreLib</ModuleName>
      <Classes />
    </Module>
    <Module skippedDueTo="MissingPdb" hash="F3-9A-9E-47-BD-1F-FC-B7-12-E8-9E-DE-07-B2-CC-CF-DA-99-E7-EC">
      <ModulePath>c:\program files\dotnet\sdk\2.1.300\vstest.console.dll</ModulePath>
      <ModuleTime>2018-05-22T19:04:26Z</ModuleTime>
      <ModuleName>vstest.console</ModuleName>
      <Classes />
    </Module>
    <Module skippedDueTo="Filter" hash="9F-39-BF-B3-E6-CA-45-5F-FF-EC-C9-17-D3-19-65-B0-6E-2F-17-4E">
      <ModulePath>c:\program files\dotnet\shared\Microsoft.NETCore.App\2.1.0\System.Runtime.dll</ModulePath>
      <ModuleTime>2018-05-15T17:03:38Z</ModuleTime>
      <ModuleName>System.Runtime</ModuleName>
      <Classes />
    </Module>
    <Module skippedDueTo="Filter" hash="75-89-4A-9A-A6-FC-DB-A1-DD-35-84-48-C9-3B-21-8A-92-4A-92-5F">
      <ModulePath>c:\program files\dotnet\shared\Microsoft.NETCore.App\2.1.0\System.Diagnostics.Process.dll</ModulePath>
      <ModuleTime>2018-05-15T17:03:34Z</ModuleTime>
      <ModuleName>System.Diagnostics.Process</ModuleName>
      <Classes />
    </Module>
    <Module skippedDueTo="Filter" hash="F9-67-FE-2B-96-8A-EC-95-FB-27-2A-27-AA-B3-38-DC-99-35-B9-A1">
      <ModulePath>c:\program files\dotnet\shared\Microsoft.NETCore.App\2.1.0\System.ComponentModel.Primitives.dll</ModulePath>
      <ModuleTime>2018-05-15T17:03:34Z</ModuleTime>
      <ModuleName>System.ComponentModel.Primitives</ModuleName>
      <Classes />
    </Module>
    <Module skippedDueTo="Filter" hash="8D-7A-CE-FA-10-05-D7-6F-3C-AC-3E-F0-BA-01-AD-CE-0B-22-99-8B">
      <ModulePath>c:\program files\dotnet\shared\Microsoft.NETCore.App\2.1.0\System.Runtime.Extensions.dll</ModulePath>
      <ModuleTime>2018-05-15T17:03:38Z</ModuleTime>
      <ModuleName>System.Runtime.Extensions</ModuleName>
      <Classes />
    </Module>
    <Module skippedDueTo="MissingPdb" hash="C0-95-17-62-CF-CA-16-02-90-53-FC-9E-86-43-6F-F6-FD-C3-AF-86">
      <ModulePath>c:\program files\dotnet\sdk\2.1.300\Microsoft.TestPlatform.CoreUtilities.dll</ModulePath>
      <ModuleTime>2018-05-22T19:00:08Z</ModuleTime>
      <ModuleName>Microsoft.TestPlatform.CoreUtilities</ModuleName>
      <Classes />
    </Module>
    <Module skippedDueTo="Filter" hash="20-62-97-87-EA-D6-D2-70-FB-5A-D2-29-1E-B7-32-2D-E1-23-80-FA">
      <ModulePath>c:\program files\dotnet\shared\Microsoft.NETCore.App\2.1.0\System.Diagnostics.Debug.dll</ModulePath>
      <ModuleTime>2018-05-15T17:03:34Z</ModuleTime>
      <ModuleName>System.Diagnostics.Debug</ModuleName>
      <Classes />
    </Module>
    <Module skippedDueTo="Filter" hash="D0-AD-42-F2-E9-D2-D4-94-0D-63-8C-61-4E-52-4F-0D-DA-1A-CD-6F">
      <ModulePath>c:\program files\dotnet\shared\Microsoft.NETCore.App\2.1.0\System.Threading.Thread.dll</ModulePath>
      <ModuleTime>2018-05-15T17:03:38Z</ModuleTime>
      <ModuleName>System.Threading.Thread</ModuleName>
      <Classes />
    </Module>
    <Module skippedDueTo="Filter" hash="DC-82-33-86-1B-03-21-60-3C-01-E1-E1-DD-56-79-12-7A-1D-2E-21">
      <ModulePath>c:\program files\dotnet\shared\Microsoft.NETCore.App\2.1.0\System.Threading.dll</ModulePath>
      <ModuleTime>2018-05-15T17:03:38Z</ModuleTime>
      <ModuleName>System.Threading</ModuleName>
      <Classes />
    </Module>
    <Module skippedDueTo="Filter" hash="FB-2A-22-7D-6B-48-6C-07-93-20-FE-9E-D2-85-0C-2E-DA-B6-18-C7">
      <ModulePath>c:\program files\dotnet\shared\Microsoft.NETCore.App\2.1.0\System.Console.dll</ModulePath>
      <ModuleTime>2018-05-15T17:03:34Z</ModuleTime>
      <ModuleName>System.Console</ModuleName>
      <Classes />
    </Module>
    <Module skippedDueTo="Filter" hash="93-AD-CD-25-C3-0E-A0-A6-7A-07-9E-D5-7A-CB-BF-3D-90-A1-F9-C5">
      <ModulePath>c:\program files\dotnet\shared\Microsoft.NETCore.App\2.1.0\System.IO.dll</ModulePath>
      <ModuleTime>2018-05-15T17:03:36Z</ModuleTime>
      <ModuleName>System.IO</ModuleName>
      <Classes />
    </Module>
    <Module skippedDueTo="Filter" hash="4B-C9-61-40-58-3E-0C-63-D9-7B-DD-60-9F-00-0F-85-73-7E-F7-06">
      <ModulePath>c:\program files\dotnet\shared\Microsoft.NETCore.App\2.1.0\System.Text.Encoding.Extensions.dll</ModulePath>
      <ModuleTime>2018-05-15T17:03:38Z</ModuleTime>
      <ModuleName>System.Text.Encoding.Extensions</ModuleName>
      <Classes />
    </Module>
    <Module skippedDueTo="Filter" hash="D8-1F-91-FC-FE-F3-18-9C-C0-64-98-06-CA-A4-4A-14-A8-D4-E1-A1">
      <ModulePath>c:\program files\dotnet\shared\Microsoft.NETCore.App\2.1.0\System.Diagnostics.Tracing.dll</ModulePath>
      <ModuleTime>2018-05-15T17:03:34Z</ModuleTime>
      <ModuleName>System.Diagnostics.Tracing</ModuleName>
      <Classes />
    </Module>
    <Module skippedDueTo="Filter" hash="24-71-BF-19-D6-43-AE-96-67-A7-D6-7A-23-51-8F-EA-D9-BB-9E-0B">
      <ModulePath>c:\program files\dotnet\shared\Microsoft.NETCore.App\2.1.0\System.Collections.dll</ModulePath>
      <ModuleTime>2018-05-15T17:03:34Z</ModuleTime>
      <ModuleName>System.Collections</ModuleName>
      <Classes />
    </Module>
    <Module skippedDueTo="MissingPdb" hash="60-D6-38-EA-6B-E5-75-50-88-15-82-67-5E-CC-19-CB-6B-FA-17-62">
      <ModulePath>c:\program files\dotnet\sdk\2.1.300\Microsoft.VisualStudio.TestPlatform.ObjectModel.dll</ModulePath>
      <ModuleTime>2018-05-22T19:00:18Z</ModuleTime>
      <ModuleName>Microsoft.VisualStudio.TestPlatform.ObjectModel</ModuleName>
      <Classes />
    </Module>
    <Module skippedDueTo="MissingPdb" hash="67-52-A5-4C-F5-A2-F2-BF-07-8A-47-B0-7D-AF-B1-AB-EF-9C-CC-35">
      <ModulePath>c:\program files\dotnet\sdk\2.1.300\Microsoft.VisualStudio.TestPlatform.Client.dll</ModulePath>
      <ModuleTime>2018-05-22T19:00:18Z</ModuleTime>
      <ModuleName>Microsoft.VisualStudio.TestPlatform.Client</ModuleName>
      <Classes />
    </Module>
    <Module skippedDueTo="MissingPdb" hash="72-DD-6A-AA-B8-C5-40-DF-0E-82-89-AE-38-D9-5E-4A-7E-C6-BE-E2">
      <ModulePath>c:\program files\dotnet\sdk\2.1.300\Microsoft.VisualStudio.TestPlatform.Common.dll</ModulePath>
      <ModuleTime>2018-05-22T19:00:08Z</ModuleTime>
      <ModuleName>Microsoft.VisualStudio.TestPlatform.Common</ModuleName>
      <Classes />
    </Module>
    <Module skippedDueTo="Filter" hash="9F-99-A9-A6-DD-81-FE-32-D3-9F-D2-E3-AD-B9-5F-98-E3-C3-D3-BD">
      <ModulePath>c:\program files\dotnet\shared\Microsoft.NETCore.App\2.1.0\System.Linq.dll</ModulePath>
      <ModuleTime>2018-05-15T17:03:36Z</ModuleTime>
      <ModuleName>System.Linq</ModuleName>
      <Classes />
    </Module>
    <Module skippedDueTo="Filter" hash="7C-48-0B-B8-42-17-41-57-6D-4B-89-E5-56-89-D0-D0-8F-11-92-5B">
      <ModulePath>c:\program files\dotnet\shared\Microsoft.NETCore.App\2.1.0\System.Runtime.InteropServices.dll</ModulePath>
      <ModuleTime>2018-05-15T17:03:38Z</ModuleTime>
      <ModuleName>System.Runtime.InteropServices</ModuleName>
      <Classes />
    </Module>
    <Module skippedDueTo="Filter" hash="B1-14-2E-2B-2D-74-A8-39-95-C9-CD-C4-2D-7C-86-6D-97-7E-30-39">
      <ModulePath>c:\program files\dotnet\shared\Microsoft.NETCore.App\2.1.0\System.Resources.ResourceManager.dll</ModulePath>
      <ModuleTime>2018-05-15T17:03:38Z</ModuleTime>
      <ModuleName>System.Resources.ResourceManager</ModuleName>
      <Classes />
    </Module>
    <Module skippedDueTo="MissingPdb" hash="29-59-D8-D9-50-A0-F5-D0-6C-42-98-EC-B7-0F-69-27-11-C7-9B-0D">
      <ModulePath>c:\program files\dotnet\sdk\2.1.300\pt-BR\vstest.console.resources.dll</ModulePath>
      <ModuleTime>2018-05-22T19:05:12Z</ModuleTime>
      <ModuleName>vstest.console.resources</ModuleName>
      <Classes />
    </Module>
    <Module skippedDueTo="Filter" hash="3C-1A-D1-7D-BD-42-C9-7D-FE-CD-90-2F-00-88-4C-15-52-1E-4E-0F">
      <ModulePath>c:\program files\dotnet\shared\Microsoft.NETCore.App\2.1.0\System.IO.FileSystem.Primitives.dll</ModulePath>
      <ModuleTime>2018-05-15T17:03:34Z</ModuleTime>
      <ModuleName>System.IO.FileSystem.Primitives</ModuleName>
      <Classes />
    </Module>
    <Module skippedDueTo="Filter" hash="25-50-01-7A-06-31-FD-01-25-66-B3-FF-54-A1-13-10-BF-28-EA-43">
      <ModulePath>c:\program files\dotnet\shared\Microsoft.NETCore.App\2.1.0\System.IO.FileSystem.dll</ModulePath>
      <ModuleTime>2018-05-15T17:03:34Z</ModuleTime>
      <ModuleName>System.IO.FileSystem</ModuleName>
      <Classes />
    </Module>
    <Module skippedDueTo="Filter" hash="5E-40-03-20-BE-51-A5-B8-5B-25-4F-F1-25-17-FA-A8-F7-D6-1D-75">
      <ModulePath>c:\program files\dotnet\shared\Microsoft.NETCore.App\2.1.0\System.Xml.ReaderWriter.dll</ModulePath>
      <ModuleTime>2018-05-15T17:03:38Z</ModuleTime>
      <ModuleName>System.Xml.ReaderWriter</ModuleName>
      <Classes />
    </Module>
    <Module skippedDueTo="Filter" hash="59-22-E0-A2-F3-0C-E7-ED-94-CC-53-3D-C8-3A-1A-1E-27-CB-A9-37">
      <ModulePath>c:\program files\dotnet\shared\Microsoft.NETCore.App\2.1.0\System.Private.Xml.dll</ModulePath>
      <ModuleTime>2018-05-15T17:03:36Z</ModuleTime>
      <ModuleName>System.Private.Xml</ModuleName>
      <Classes />
    </Module>
    <Module skippedDueTo="MissingPdb" hash="6D-A7-72-81-84-FE-23-5C-F1-27-13-F3-C4-8A-00-F5-A6-BA-24-C0">
      <ModulePath>c:\program files\dotnet\sdk\2.1.300\Microsoft.TestPlatform.PlatformAbstractions.dll</ModulePath>
      <ModuleTime>2018-05-22T19:00:08Z</ModuleTime>
      <ModuleName>Microsoft.TestPlatform.PlatformAbstractions</ModuleName>
      <Classes />
    </Module>
    <Module skippedDueTo="Filter" hash="41-61-2A-DD-55-32-A7-88-1C-A9-36-A4-27-45-56-E6-D1-E6-71-37">
      <ModulePath>c:\program files\dotnet\shared\Microsoft.NETCore.App\2.1.0\System.Xml.XmlDocument.dll</ModulePath>
      <ModuleTime>2018-05-15T17:03:38Z</ModuleTime>
      <ModuleName>System.Xml.XmlDocument</ModuleName>
      <Classes />
    </Module>
    <Module skippedDueTo="MissingPdb" hash="40-2E-B6-98-67-4D-2A-F1-3E-02-48-1D-63-28-E8-87-47-C0-6F-5D">
      <ModulePath>c:\program files\dotnet\sdk\2.1.300\Microsoft.TestPlatform.Utilities.dll</ModulePath>
      <ModuleTime>2018-05-22T19:00:08Z</ModuleTime>
      <ModuleName>Microsoft.TestPlatform.Utilities</ModuleName>
      <Classes />
    </Module>
    <Module skippedDueTo="Filter" hash="BD-CE-88-18-22-8A-25-85-EF-42-FE-24-18-B9-4F-9D-F6-47-F0-A9">
      <ModulePath>c:\program files\dotnet\shared\Microsoft.NETCore.App\2.1.0\System.Runtime.InteropServices.RuntimeInformation.dll</ModulePath>
      <ModuleTime>2018-05-15T17:03:38Z</ModuleTime>
      <ModuleName>System.Runtime.InteropServices.RuntimeInformation</ModuleName>
      <Classes />
    </Module>
    <Module skippedDueTo="Filter" hash="9D-16-07-1F-E6-AE-43-F8-08-7D-77-2C-41-30-DA-C0-55-6C-5D-B8">
      <ModulePath>c:\program files\dotnet\shared\Microsoft.NETCore.App\2.1.0\System.Private.Uri.dll</ModulePath>
      <ModuleTime>2018-05-15T17:03:36Z</ModuleTime>
      <ModuleName>System.Private.Uri</ModuleName>
      <Classes />
    </Module>
    <Module skippedDueTo="Filter" hash="99-33-4D-CD-87-78-88-0E-F6-12-EF-CA-31-D9-97-F4-A8-D8-3D-E1">
      <ModulePath>c:\program files\dotnet\shared\Microsoft.NETCore.App\2.1.0\System.Memory.dll</ModulePath>
      <ModuleTime>2018-05-15T17:03:36Z</ModuleTime>
      <ModuleName>System.Memory</ModuleName>
      <Classes />
    </Module>
    <Module skippedDueTo="Filter" hash="6C-10-44-7E-EF-B7-6F-EF-94-1C-16-FA-4B-F1-3F-1A-2E-B7-36-36">
      <ModulePath>c:\program files\dotnet\shared\Microsoft.NETCore.App\2.1.0\System.Security.Cryptography.Algorithms.dll</ModulePath>
      <ModuleTime>2018-05-15T17:03:38Z</ModuleTime>
      <ModuleName>System.Security.Cryptography.Algorithms</ModuleName>
      <Classes />
    </Module>
    <Module skippedDueTo="Filter" hash="84-24-F2-48-5A-70-17-DF-BC-51-4D-27-EE-CF-22-07-A7-E4-DE-0E">
      <ModulePath>c:\program files\dotnet\sdk\2.1.300\System.Xml.XPath.XmlDocument.dll</ModulePath>
      <ModuleTime>2018-05-22T18:56:16Z</ModuleTime>
      <ModuleName>System.Xml.XPath.XmlDocument</ModuleName>
      <Classes />
    </Module>
    <Module skippedDueTo="Filter" hash="29-E2-66-05-A8-7C-57-34-86-04-0F-E6-83-21-00-EB-47-99-CD-C6">
      <ModulePath>c:\program files\dotnet\shared\Microsoft.NETCore.App\2.1.0\System.Xml.XPath.dll</ModulePath>
      <ModuleTime>2018-05-15T17:03:38Z</ModuleTime>
      <ModuleName>System.Xml.XPath</ModuleName>
      <Classes />
    </Module>
    <Module skippedDueTo="Filter" hash="42-A9-56-1E-D9-D8-E5-61-4B-B5-2A-4C-CA-8E-A6-DE-FB-9F-B4-71">
      <ModulePath>c:\program files\dotnet\shared\Microsoft.NETCore.App\2.1.0\System.Globalization.dll</ModulePath>
      <ModuleTime>2018-05-15T17:03:34Z</ModuleTime>
      <ModuleName>System.Globalization</ModuleName>
      <Classes />
    </Module>
    <Module skippedDueTo="Filter" hash="9A-D5-0C-A3-5D-58-2D-DE-6A-31-89-EE-94-D7-1F-CA-8E-4A-4A-3A">
      <ModulePath>c:\program files\dotnet\shared\Microsoft.NETCore.App\2.1.0\System.Diagnostics.TraceSource.dll</ModulePath>
      <ModuleTime>2018-05-15T17:03:34Z</ModuleTime>
      <ModuleName>System.Diagnostics.TraceSource</ModuleName>
      <Classes />
    </Module>
    <Module skippedDueTo="Filter" hash="C0-16-E9-9B-FF-FA-5B-79-E3-1C-03-FB-3D-CB-62-55-5D-54-B0-65">
      <ModulePath>c:\program files\dotnet\shared\Microsoft.NETCore.App\2.1.0\System.Collections.NonGeneric.dll</ModulePath>
      <ModuleTime>2018-05-15T17:03:34Z</ModuleTime>
      <ModuleName>System.Collections.NonGeneric</ModuleName>
      <Classes />
    </Module>
    <Module skippedDueTo="MissingPdb" hash="A3-8D-1B-38-4C-93-F7-27-54-18-F1-B0-A5-2B-FE-DE-CF-7C-02-B5">
      <ModulePath>c:\program files\dotnet\sdk\2.1.300\Microsoft.TestPlatform.CrossPlatEngine.dll</ModulePath>
      <ModuleTime>2018-05-22T19:00:18Z</ModuleTime>
      <ModuleName>Microsoft.TestPlatform.CrossPlatEngine</ModuleName>
      <Classes />
    </Module>
    <Module skippedDueTo="Filter" hash="1E-3D-7F-D9-96-A2-6B-1F-8A-00-47-08-B1-B4-3D-4B-FC-82-C0-E0">
      <ModulePath>c:\program files\dotnet\shared\Microsoft.NETCore.App\2.1.0\System.Reflection.dll</ModulePath>
      <ModuleTime>2018-05-15T17:03:38Z</ModuleTime>
      <ModuleName>System.Reflection</ModuleName>
      <Classes />
    </Module>
    <Module skippedDueTo="Filter" hash="0A-4E-6E-9A-77-64-F6-77-BF-DB-19-83-60-08-67-E6-59-D4-B5-89">
      <ModulePath>c:\program files\dotnet\shared\Microsoft.NETCore.App\2.1.0\System.Buffers.dll</ModulePath>
      <ModuleTime>2018-05-15T17:03:34Z</ModuleTime>
      <ModuleName>System.Buffers</ModuleName>
      <Classes />
    </Module>
    <Module skippedDueTo="Filter" hash="4F-1F-3B-7B-DB-07-CF-E1-A3-99-93-8D-8C-97-A1-6A-0C-41-8E-E9">
      <ModulePath>c:\program files\dotnet\shared\Microsoft.NETCore.App\2.1.0\System.Threading.Tasks.dll</ModulePath>
      <ModuleTime>2018-05-15T17:03:38Z</ModuleTime>
      <ModuleName>System.Threading.Tasks</ModuleName>
      <Classes />
    </Module>
    <Module skippedDueTo="Filter" hash="40-85-75-1E-6D-24-67-1C-AF-4E-3B-D9-80-9C-3F-AB-6D-60-D4-C0">
      <ModulePath>c:\program files\dotnet\shared\Microsoft.NETCore.App\2.1.0\System.Runtime.Loader.dll</ModulePath>
      <ModuleTime>2018-05-15T17:03:38Z</ModuleTime>
      <ModuleName>System.Runtime.Loader</ModuleName>
      <Classes />
    </Module>
    <Module skippedDueTo="MissingPdb" hash="80-85-B2-EE-0D-74-37-FF-B2-D8-DB-B7-B4-33-ED-58-2B-B6-21-8A">
      <ModulePath>c:\program files\dotnet\sdk\2.1.300\Extensions\Microsoft.TestPlatform.Extensions.BlameDataCollector.dll</ModulePath>
      <ModuleTime>2018-05-22T18:59:04Z</ModuleTime>
      <ModuleName>Microsoft.TestPlatform.Extensions.BlameDataCollector</ModuleName>
      <Classes />
    </Module>
    <Module skippedDueTo="Filter" hash="5C-05-B5-8E-5E-6F-DB-C1-7C-FE-45-86-B7-2E-90-50-8B-F6-A5-25">
      <ModulePath>c:\program files\dotnet\shared\Microsoft.NETCore.App\2.1.0\System.Reflection.TypeExtensions.dll</ModulePath>
      <ModuleTime>2018-05-15T17:03:38Z</ModuleTime>
      <ModuleName>System.Reflection.TypeExtensions</ModuleName>
      <Classes />
    </Module>
    <Module skippedDueTo="MissingPdb" hash="50-F7-E1-88-5A-5D-BC-61-D2-CA-79-C1-84-35-83-25-B7-E4-E5-3A">
      <ModulePath>c:\program files\dotnet\sdk\2.1.300\Extensions\Microsoft.TestPlatform.Extensions.EventLogCollector.dll</ModulePath>
      <ModuleTime>2018-05-22T18:55:58Z</ModuleTime>
      <ModuleName>Microsoft.TestPlatform.Extensions.EventLogCollector</ModuleName>
      <Classes />
    </Module>
    <Module skippedDueTo="Filter" hash="44-8B-AD-FD-2A-B5-FE-44-6C-1A-41-86-21-22-10-6D-A9-78-FA-D1">
      <ModulePath>c:\program files\dotnet\shared\Microsoft.NETCore.App\2.1.0\mscorlib.dll</ModulePath>
      <ModuleTime>2018-05-15T17:03:32Z</ModuleTime>
      <ModuleName>mscorlib</ModuleName>
      <Classes />
    </Module>
    <Module skippedDueTo="Filter" hash="A9-EC-E4-42-AC-07-BE-CA-81-CC-7E-A0-C9-5D-AF-B1-DD-1C-78-33">
      <ModulePath>c:\program files\dotnet\shared\Microsoft.NETCore.App\2.1.0\System.Xml.dll</ModulePath>
      <ModuleTime>2018-05-15T17:03:40Z</ModuleTime>
      <ModuleName>System.Xml</ModuleName>
      <Classes />
    </Module>
    <Module skippedDueTo="MissingPdb" hash="89-D2-DD-10-88-13-56-A6-7E-9E-AD-16-F9-75-B5-8A-27-FA-5E-08">
      <ModulePath>c:\program files\dotnet\sdk\2.1.300\Extensions\Microsoft.TestPlatform.TestHostRuntimeProvider.dll</ModulePath>
      <ModuleTime>2018-05-22T18:56:16Z</ModuleTime>
      <ModuleName>Microsoft.TestPlatform.TestHostRuntimeProvider</ModuleName>
      <Classes />
    </Module>
    <Module skippedDueTo="Filter" hash="99-CC-76-16-41-8D-C7-16-82-C9-39-01-13-46-6B-62-39-B8-7E-32">
      <ModulePath>c:\program files\dotnet\shared\Microsoft.NETCore.App\2.1.0\System.Reflection.Extensions.dll</ModulePath>
      <ModuleTime>2018-05-15T17:03:38Z</ModuleTime>
      <ModuleName>System.Reflection.Extensions</ModuleName>
      <Classes />
    </Module>
    <Module skippedDueTo="MissingPdb" hash="36-88-40-B8-02-18-FA-8D-7C-68-85-F7-9C-32-D9-7D-17-93-C4-DB">
      <ModulePath>c:\program files\dotnet\sdk\2.1.300\Extensions\Microsoft.VisualStudio.TestPlatform.Extensions.Trx.TestLogger.dll</ModulePath>
      <ModuleTime>2018-05-22T18:57:20Z</ModuleTime>
      <ModuleName>Microsoft.VisualStudio.TestPlatform.Extensions.Trx.TestLogger</ModuleName>
      <Classes />
    </Module>
    <Module skippedDueTo="Filter" hash="04-EE-21-3D-50-7D-5E-CE-12-10-F6-9C-5E-AA-EE-24-C1-E0-FD-B3">
      <ModulePath>c:\program files\dotnet\shared\Microsoft.NETCore.App\2.1.0\System.Reflection.Metadata.dll</ModulePath>
      <ModuleTime>2018-05-15T17:03:38Z</ModuleTime>
      <ModuleName>System.Reflection.Metadata</ModuleName>
      <Classes />
    </Module>
    <Module skippedDueTo="Filter" hash="0B-FA-56-19-85-6A-C4-75-4C-10-0F-DC-F8-D1-5B-9B-CD-DC-C3-F6">
      <ModulePath>c:\program files\dotnet\shared\Microsoft.NETCore.App\2.1.0\System.Collections.Immutable.dll</ModulePath>
      <ModuleTime>2018-05-15T17:03:34Z</ModuleTime>
      <ModuleName>System.Collections.Immutable</ModuleName>
      <Classes />
    </Module>
    <Module skippedDueTo="MissingPdb" hash="0F-17-E9-42-47-D4-6C-92-50-FA-03-31-93-DC-B9-61-95-E3-80-A2">
      <ModulePath>c:\program files\dotnet\shared\Microsoft.NETCore.App\2.1.0\Microsoft.Win32.Primitives.dll</ModulePath>
      <ModuleTime>2018-05-15T17:03:32Z</ModuleTime>
      <ModuleName>Microsoft.Win32.Primitives</ModuleName>
      <Classes />
    </Module>
    <Module skippedDueTo="MissingPdb" hash="4E-19-27-44-C3-50-65-EE-34-2A-70-E7-56-EB-BC-23-7A-40-53-67">
      <ModulePath>c:\program files\dotnet\sdk\2.1.300\Microsoft.TestPlatform.CommunicationUtilities.dll</ModulePath>
      <ModuleTime>2018-05-22T19:00:08Z</ModuleTime>
      <ModuleName>Microsoft.TestPlatform.CommunicationUtilities</ModuleName>
      <Classes />
    </Module>
    <Module skippedDueTo="MissingPdb" hash="B2-5D-47-CA-28-5B-B0-0E-FC-29-D9-01-B2-8D-36-88-65-61-54-0E">
      <ModulePath>c:\program files\dotnet\sdk\2.1.300\Newtonsoft.Json.dll</ModulePath>
      <ModuleTime>2018-05-22T19:05:00Z</ModuleTime>
      <ModuleName>Newtonsoft.Json</ModuleName>
      <Classes />
    </Module>
    <Module skippedDueTo="Filter" hash="0C-56-98-AE-50-0E-32-FC-94-AE-26-B2-60-30-BD-89-B1-8D-D3-D4">
      <ModulePath>c:\program files\dotnet\shared\Microsoft.NETCore.App\2.1.0\System.Runtime.Serialization.Primitives.dll</ModulePath>
      <ModuleTime>2018-05-15T17:03:38Z</ModuleTime>
      <ModuleName>System.Runtime.Serialization.Primitives</ModuleName>
      <Classes />
    </Module>
    <Module skippedDueTo="Filter" hash="9E-5F-AD-60-04-57-6F-40-C1-C3-F9-E2-BC-8E-5E-64-5E-61-98-48">
      <ModulePath>c:\program files\dotnet\shared\Microsoft.NETCore.App\2.1.0\System.Collections.Concurrent.dll</ModulePath>
      <ModuleTime>2018-05-15T17:03:34Z</ModuleTime>
      <ModuleName>System.Collections.Concurrent</ModuleName>
      <Classes />
    </Module>
    <Module skippedDueTo="Filter" hash="83-47-75-52-B4-4C-F0-7A-DA-4F-28-C8-7A-7F-40-D2-DB-8A-36-84">
      <ModulePath>c:\program files\dotnet\shared\Microsoft.NETCore.App\2.1.0\System.Threading.Timer.dll</ModulePath>
      <ModuleTime>2018-05-15T17:03:38Z</ModuleTime>
      <ModuleName>System.Threading.Timer</ModuleName>
      <Classes />
    </Module>
    <Module skippedDueTo="Filter" hash="B1-C8-79-68-C3-E4-96-D6-C7-EB-75-26-AC-CE-24-90-57-2E-90-BA">
      <ModulePath>c:\program files\dotnet\shared\Microsoft.NETCore.App\2.1.0\System.Net.Primitives.dll</ModulePath>
      <ModuleTime>2018-05-15T17:03:36Z</ModuleTime>
      <ModuleName>System.Net.Primitives</ModuleName>
      <Classes />
    </Module>
    <Module skippedDueTo="Filter" hash="3F-BD-5F-B2-1B-D5-24-D9-56-14-4D-D5-55-71-7D-18-8E-58-FE-39">
      <ModulePath>c:\program files\dotnet\shared\Microsoft.NETCore.App\2.1.0\System.Net.Sockets.dll</ModulePath>
      <ModuleTime>2018-05-15T17:03:36Z</ModuleTime>
      <ModuleName>System.Net.Sockets</ModuleName>
      <Classes />
    </Module>
    <Module skippedDueTo="Filter" hash="16-06-8F-98-40-06-94-A2-59-B4-EB-EA-21-F3-79-D0-0A-AD-45-7D">
      <ModulePath>c:\program files\dotnet\shared\Microsoft.NETCore.App\2.1.0\System.Threading.Overlapped.dll</ModulePath>
      <ModuleTime>2018-05-15T17:03:38Z</ModuleTime>
      <ModuleName>System.Threading.Overlapped</ModuleName>
      <Classes />
    </Module>
    <Module skippedDueTo="Filter" hash="EC-3F-C7-DD-79-2E-04-92-8D-F3-A5-60-2F-FB-16-43-DD-1B-31-10">
      <ModulePath>c:\program files\dotnet\shared\Microsoft.NETCore.App\2.1.0\System.Net.NameResolution.dll</ModulePath>
      <ModuleTime>2018-05-15T17:03:36Z</ModuleTime>
      <ModuleName>System.Net.NameResolution</ModuleName>
      <Classes />
    </Module>
    <Module skippedDueTo="MissingPdb" hash="0D-38-3A-DA-1E-A2-9A-26-05-79-C2-77-39-AE-12-DB-84-55-BF-6B">
      <ModulePath>c:\program files\dotnet\sdk\2.1.300\Microsoft.Extensions.DependencyModel.dll</ModulePath>
      <ModuleTime>2018-05-22T19:00:18Z</ModuleTime>
      <ModuleName>Microsoft.Extensions.DependencyModel</ModuleName>
      <Classes />
    </Module>
    <Module skippedDueTo="Filter" hash="E2-DD-41-07-A9-AC-5B-84-49-B7-E1-85-68-3D-69-DC-84-4B-3D-06">
      <ModulePath>c:\program files\dotnet\shared\Microsoft.NETCore.App\2.1.0\System.Dynamic.Runtime.dll</ModulePath>
      <ModuleTime>2018-05-15T17:03:34Z</ModuleTime>
      <ModuleName>System.Dynamic.Runtime</ModuleName>
      <Classes />
    </Module>
    <Module skippedDueTo="Filter" hash="CF-C6-6D-CD-52-19-4F-3F-36-51-5E-56-26-3A-93-A5-02-E2-58-2A">
      <ModulePath>c:\program files\dotnet\shared\Microsoft.NETCore.App\2.1.0\System.Linq.Expressions.dll</ModulePath>
      <ModuleTime>2018-05-15T17:03:36Z</ModuleTime>
      <ModuleName>System.Linq.Expressions</ModuleName>
      <Classes />
    </Module>
    <Module skippedDueTo="Filter" hash="41-ED-E1-98-BB-A2-1A-69-AC-77-E0-4E-8D-36-CF-B1-5A-52-81-B9">
      <ModulePath>c:\program files\dotnet\shared\Microsoft.NETCore.App\2.1.0\System.ObjectModel.dll</ModulePath>
      <ModuleTime>2018-05-15T17:03:36Z</ModuleTime>
      <ModuleName>System.ObjectModel</ModuleName>
      <Classes />
    </Module>
    <Module skippedDueTo="Filter" hash="90-9A-ED-47-04-2B-8A-42-2C-26-2D-AC-58-1F-41-AA-7C-AB-DA-48">
      <ModulePath>c:\program files\dotnet\shared\Microsoft.NETCore.App\2.1.0\System.Threading.ThreadPool.dll</ModulePath>
      <ModuleTime>2018-05-15T17:03:38Z</ModuleTime>
      <ModuleName>System.Threading.ThreadPool</ModuleName>
      <Classes />
    </Module>
    <Module skippedDueTo="Filter" hash="B2-E7-C6-75-5A-8F-45-0B-CA-A7-A6-86-F2-5E-94-26-D2-45-2F-3F">
      <ModulePath>c:\program files\dotnet\shared\Microsoft.NETCore.App\2.1.0\System.Private.CoreLib.dll</ModulePath>
      <ModuleTime>2018-05-15T17:03:40Z</ModuleTime>
      <ModuleName>System.Private.CoreLib</ModuleName>
      <Classes />
    </Module>
    <Module skippedDueTo="MissingPdb" hash="A7-28-B6-34-B2-A7-B8-0D-33-66-05-98-A7-37-D8-4A-76-E2-C3-F4">
      <ModulePath>C:\Users\elema\.nuget\packages\microsoft.testplatform.testhost\15.3.0-preview-20170628-02\lib\netstandard1.5\testhost.dll</ModulePath>
      <ModuleTime>2017-06-28T07:51:48Z</ModuleTime>
      <ModuleName>testhost</ModuleName>
      <Classes />
    </Module>
    <Module skippedDueTo="Filter" hash="9F-39-BF-B3-E6-CA-45-5F-FF-EC-C9-17-D3-19-65-B0-6E-2F-17-4E">
      <ModulePath>c:\program files\dotnet\shared\Microsoft.NETCore.App\2.1.0\System.Runtime.dll</ModulePath>
      <ModuleTime>2018-05-15T17:03:38Z</ModuleTime>
      <ModuleName>System.Runtime</ModuleName>
      <Classes />
    </Module>
    <Module skippedDueTo="MissingPdb" hash="B0-05-72-89-89-B9-56-9E-11-12-E8-A2-53-8C-88-F7-CD-9A-18-8E">
      <ModulePath>C:\Users\elema\.nuget\packages\microsoft.testplatform.objectmodel\15.3.0-preview-20170628-02\lib\netstandard1.5\Microsoft.TestPlatform.CoreUtilities.dll</ModulePath>
      <ModuleTime>2017-06-28T07:51:46Z</ModuleTime>
      <ModuleName>Microsoft.TestPlatform.CoreUtilities</ModuleName>
      <Classes />
    </Module>
    <Module skippedDueTo="Filter" hash="D8-1F-91-FC-FE-F3-18-9C-C0-64-98-06-CA-A4-4A-14-A8-D4-E1-A1">
      <ModulePath>c:\program files\dotnet\shared\Microsoft.NETCore.App\2.1.0\System.Diagnostics.Tracing.dll</ModulePath>
      <ModuleTime>2018-05-15T17:03:34Z</ModuleTime>
      <ModuleName>System.Diagnostics.Tracing</ModuleName>
      <Classes />
    </Module>
    <Module skippedDueTo="Filter" hash="75-89-4A-9A-A6-FC-DB-A1-DD-35-84-48-C9-3B-21-8A-92-4A-92-5F">
      <ModulePath>c:\program files\dotnet\shared\Microsoft.NETCore.App\2.1.0\System.Diagnostics.Process.dll</ModulePath>
      <ModuleTime>2018-05-15T17:03:34Z</ModuleTime>
      <ModuleName>System.Diagnostics.Process</ModuleName>
      <Classes />
    </Module>
    <Module skippedDueTo="Filter" hash="F9-67-FE-2B-96-8A-EC-95-FB-27-2A-27-AA-B3-38-DC-99-35-B9-A1">
      <ModulePath>c:\program files\dotnet\shared\Microsoft.NETCore.App\2.1.0\System.ComponentModel.Primitives.dll</ModulePath>
      <ModuleTime>2018-05-15T17:03:34Z</ModuleTime>
      <ModuleName>System.ComponentModel.Primitives</ModuleName>
      <Classes />
    </Module>
    <Module skippedDueTo="Filter" hash="8D-7A-CE-FA-10-05-D7-6F-3C-AC-3E-F0-BA-01-AD-CE-0B-22-99-8B">
      <ModulePath>c:\program files\dotnet\shared\Microsoft.NETCore.App\2.1.0\System.Runtime.Extensions.dll</ModulePath>
      <ModuleTime>2018-05-15T17:03:38Z</ModuleTime>
      <ModuleName>System.Runtime.Extensions</ModuleName>
      <Classes />
    </Module>
    <Module skippedDueTo="Filter" hash="20-62-97-87-EA-D6-D2-70-FB-5A-D2-29-1E-B7-32-2D-E1-23-80-FA">
      <ModulePath>c:\program files\dotnet\shared\Microsoft.NETCore.App\2.1.0\System.Diagnostics.Debug.dll</ModulePath>
      <ModuleTime>2018-05-15T17:03:34Z</ModuleTime>
      <ModuleName>System.Diagnostics.Debug</ModuleName>
      <Classes />
    </Module>
    <Module skippedDueTo="Filter" hash="D0-AD-42-F2-E9-D2-D4-94-0D-63-8C-61-4E-52-4F-0D-DA-1A-CD-6F">
      <ModulePath>c:\program files\dotnet\shared\Microsoft.NETCore.App\2.1.0\System.Threading.Thread.dll</ModulePath>
      <ModuleTime>2018-05-15T17:03:38Z</ModuleTime>
      <ModuleName>System.Threading.Thread</ModuleName>
      <Classes />
    </Module>
    <Module skippedDueTo="Filter" hash="24-71-BF-19-D6-43-AE-96-67-A7-D6-7A-23-51-8F-EA-D9-BB-9E-0B">
      <ModulePath>c:\program files\dotnet\shared\Microsoft.NETCore.App\2.1.0\System.Collections.dll</ModulePath>
      <ModuleTime>2018-05-15T17:03:34Z</ModuleTime>
      <ModuleName>System.Collections</ModuleName>
      <Classes />
    </Module>
    <Module skippedDueTo="MissingPdb" hash="9A-9A-13-72-A5-B2-9C-0E-78-4D-3D-65-FE-26-81-32-25-90-A0-93">
      <ModulePath>C:\Users\elema\.nuget\packages\microsoft.testplatform.testhost\15.3.0-preview-20170628-02\lib\netstandard1.5\Microsoft.TestPlatform.CrossPlatEngine.dll</ModulePath>
      <ModuleTime>2017-06-28T07:51:48Z</ModuleTime>
      <ModuleName>Microsoft.TestPlatform.CrossPlatEngine</ModuleName>
      <Classes />
    </Module>
    <Module skippedDueTo="MissingPdb" hash="76-47-3E-54-1A-AF-2C-BE-18-FC-47-62-B8-4A-01-5A-8F-EF-F1-94">
      <ModulePath>C:\Users\elema\.nuget\packages\microsoft.testplatform.testhost\15.3.0-preview-20170628-02\lib\netstandard1.5\Microsoft.TestPlatform.CommunicationUtilities.dll</ModulePath>
      <ModuleTime>2017-06-28T07:51:48Z</ModuleTime>
      <ModuleName>Microsoft.TestPlatform.CommunicationUtilities</ModuleName>
      <Classes />
    </Module>
    <Module skippedDueTo="MissingPdb" hash="FC-FD-AB-BC-E7-B4-7A-AF-A1-CD-98-89-5A-E6-EB-28-88-7F-28-62">
      <ModulePath>C:\Users\elema\.nuget\packages\microsoft.testplatform.testhost\15.3.0-preview-20170628-02\lib\netstandard1.5\Microsoft.VisualStudio.TestPlatform.Common.dll</ModulePath>
      <ModuleTime>2017-06-28T07:51:48Z</ModuleTime>
      <ModuleName>Microsoft.VisualStudio.TestPlatform.Common</ModuleName>
      <Classes />
    </Module>
    <Module skippedDueTo="MissingPdb" hash="CB-36-F9-6D-96-28-F2-95-5A-89-7B-FD-73-85-32-E0-F4-8B-0E-DE">
      <ModulePath>C:\Users\elema\.nuget\packages\microsoft.testplatform.objectmodel\15.3.0-preview-20170628-02\lib\netstandard1.5\Microsoft.VisualStudio.TestPlatform.ObjectModel.dll</ModulePath>
      <ModuleTime>2017-06-28T07:51:46Z</ModuleTime>
      <ModuleName>Microsoft.VisualStudio.TestPlatform.ObjectModel</ModuleName>
      <Classes />
    </Module>
    <Module skippedDueTo="Filter" hash="4F-1F-3B-7B-DB-07-CF-E1-A3-99-93-8D-8C-97-A1-6A-0C-41-8E-E9">
      <ModulePath>c:\program files\dotnet\shared\Microsoft.NETCore.App\2.1.0\System.Threading.Tasks.dll</ModulePath>
      <ModuleTime>2018-05-15T17:03:38Z</ModuleTime>
      <ModuleName>System.Threading.Tasks</ModuleName>
      <Classes />
    </Module>
[...]
      <ModuleTime>2018-05-15T17:03:38Z</ModuleTime>
      <ModuleName>System.Security.Cryptography.X509Certificates</ModuleName>
      <Classes />
    </Module>
    <Module skippedDueTo="Filter" hash="0D-D1-30-DB-65-77-9A-CD-59-17-7B-1B-9E-F1-DB-E6-70-D9-AE-BD">
      <ModulePath>c:\program files\dotnet\shared\Microsoft.NETCore.App\2.1.0\System.Net.ServicePoint.dll</ModulePath>
      <ModuleTime>2018-05-15T17:03:36Z</ModuleTime>
      <ModuleName>System.Net.ServicePoint</ModuleName>
      <Classes />
    </Module>
    <Module skippedDueTo="Filter" hash="45-B1-05-D0-63-F5-9B-31-21-6C-C1-63-C9-FB-64-FD-CC-D1-32-FC">
      <ModulePath>c:\program files\dotnet\shared\Microsoft.NETCore.App\2.1.0\System.Net.WebClient.dll</ModulePath>
      <ModuleTime>2018-05-15T17:03:36Z</ModuleTime>
      <ModuleName>System.Net.WebClient</ModuleName>
      <Classes />
    </Module>
    <Module skippedDueTo="Filter" hash="C2-5A-A4-B9-20-4E-D6-94-D7-D8-7B-10-B9-32-10-96-35-61-82-C9">
      <ModulePath>c:\program files\dotnet\shared\Microsoft.NETCore.App\2.1.0\System.Net.WebHeaderCollection.dll</ModulePath>
      <ModuleTime>2018-05-15T17:03:36Z</ModuleTime>
      <ModuleName>System.Net.WebHeaderCollection</ModuleName>
      <Classes />
    </Module>
    <Module skippedDueTo="Filter" hash="4F-4C-41-D2-B7-A7-9E-65-7F-57-CC-34-72-4F-67-67-9A-F8-BE-59">
      <ModulePath>c:\program files\dotnet\shared\Microsoft.NETCore.App\2.1.0\System.Net.WebProxy.dll</ModulePath>
      <ModuleTime>2018-05-15T17:03:36Z</ModuleTime>
      <ModuleName>System.Net.WebProxy</ModuleName>
      <Classes />
    </Module>
    <Module skippedDueTo="Filter" hash="E5-B5-CB-14-89-5D-51-63-DB-98-2D-C5-6E-0B-25-BE-B1-14-F3-28">
      <ModulePath>c:\program files\dotnet\shared\Microsoft.NETCore.App\2.1.0\System.Net.WebSockets.Client.dll</ModulePath>
      <ModuleTime>2018-05-15T17:03:36Z</ModuleTime>
      <ModuleName>System.Net.WebSockets.Client</ModuleName>
      <Classes />
    </Module>
    <Module skippedDueTo="Filter" hash="79-C2-E5-62-34-A8-80-A7-DA-B2-33-7E-FB-E6-10-88-3A-85-96-40">
      <ModulePath>c:\program files\dotnet\shared\Microsoft.NETCore.App\2.1.0\System.Net.dll</ModulePath>
      <ModuleTime>2018-05-15T17:03:36Z</ModuleTime>
      <ModuleName>System.Net</ModuleName>
      <Classes />
    </Module>
    <Module skippedDueTo="Filter" hash="16-D0-B1-FB-53-2C-C9-6C-8D-37-F8-2C-84-AF-E5-6E-3D-BB-80-74">
      <ModulePath>c:\program files\dotnet\shared\Microsoft.NETCore.App\2.1.0\System.Numerics.Vectors.dll</ModulePath>
      <ModuleTime>2018-05-15T17:03:36Z</ModuleTime>
      <ModuleName>System.Numerics.Vectors</ModuleName>
      <Classes />
    </Module>
    <Module skippedDueTo="Filter" hash="F2-C3-85-2D-15-9E-D4-A4-D2-A4-35-58-A1-2D-C9-7D-03-3C-E8-79">
      <ModulePath>c:\program files\dotnet\shared\Microsoft.NETCore.App\2.1.0\System.Numerics.dll</ModulePath>
      <ModuleTime>2018-05-15T17:03:36Z</ModuleTime>
      <ModuleName>System.Numerics</ModuleName>
      <Classes />
    </Module>
    <Module skippedDueTo="Filter" hash="30-5E-25-3B-49-95-17-0A-17-F8-FC-10-EE-09-B9-09-D2-96-7E-BC">
      <ModulePath>c:\program files\dotnet\shared\Microsoft.NETCore.App\2.1.0\System.Private.DataContractSerialization.dll</ModulePath>
      <ModuleTime>2018-05-15T17:03:36Z</ModuleTime>
      <ModuleName>System.Private.DataContractSerialization</ModuleName>
      <Classes />
    </Module>
    <Module skippedDueTo="Filter" hash="BB-70-F4-68-DD-92-B3-F6-FB-00-D6-D4-4C-56-CB-EF-A3-91-1B-0D">
      <ModulePath>c:\program files\dotnet\shared\Microsoft.NETCore.App\2.1.0\System.Reflection.Emit.ILGeneration.dll</ModulePath>
      <ModuleTime>2018-05-15T17:03:38Z</ModuleTime>
      <ModuleName>System.Reflection.Emit.ILGeneration</ModuleName>
      <Classes />
    </Module>
    <Module skippedDueTo="Filter" hash="A5-AE-34-E9-EF-78-83-B3-34-BE-53-64-54-2E-10-AA-B1-58-95-05">
      <ModulePath>c:\program files\dotnet\shared\Microsoft.NETCore.App\2.1.0\System.Reflection.DispatchProxy.dll</ModulePath>
      <ModuleTime>2018-05-15T17:03:38Z</ModuleTime>
      <ModuleName>System.Reflection.DispatchProxy</ModuleName>
      <Classes />
    </Module>
    <Module skippedDueTo="Filter" hash="38-CE-AE-5A-FB-25-CF-0E-7C-94-96-84-5F-7C-AD-3A-56-F4-A2-A4">
      <ModulePath>c:\program files\dotnet\shared\Microsoft.NETCore.App\2.1.0\System.Reflection.Emit.Lightweight.dll</ModulePath>
      <ModuleTime>2018-05-15T17:03:38Z</ModuleTime>
      <ModuleName>System.Reflection.Emit.Lightweight</ModuleName>
      <Classes />
    </Module>
    <Module skippedDueTo="Filter" hash="CA-D1-52-7B-14-B3-36-96-43-B8-C1-C3-A7-AD-77-A7-9F-1A-10-38">
      <ModulePath>c:\program files\dotnet\shared\Microsoft.NETCore.App\2.1.0\System.Reflection.Emit.dll</ModulePath>
      <ModuleTime>2018-05-15T17:03:38Z</ModuleTime>
      <ModuleName>System.Reflection.Emit</ModuleName>
      <Classes />
    </Module>
    <Module skippedDueTo="Filter" hash="04-EE-21-3D-50-7D-5E-CE-12-10-F6-9C-5E-AA-EE-24-C1-E0-FD-B3">
      <ModulePath>c:\program files\dotnet\shared\Microsoft.NETCore.App\2.1.0\System.Reflection.Metadata.dll</ModulePath>
      <ModuleTime>2018-05-15T17:03:38Z</ModuleTime>
      <ModuleName>System.Reflection.Metadata</ModuleName>
      <Classes />
    </Module>
    <Module skippedDueTo="Filter" hash="CC-EB-DD-C7-0A-85-19-06-8D-84-86-4E-4E-44-CF-17-AF-4A-84-68">
      <ModulePath>c:\program files\dotnet\shared\Microsoft.NETCore.App\2.1.0\System.Reflection.Primitives.dll</ModulePath>
      <ModuleTime>2018-05-15T17:03:38Z</ModuleTime>
      <ModuleName>System.Reflection.Primitives</ModuleName>
      <Classes />
    </Module>
    <Module skippedDueTo="Filter" hash="5C-05-B5-8E-5E-6F-DB-C1-7C-FE-45-86-B7-2E-90-50-8B-F6-A5-25">
      <ModulePath>c:\program files\dotnet\shared\Microsoft.NETCore.App\2.1.0\System.Reflection.TypeExtensions.dll</ModulePath>
      <ModuleTime>2018-05-15T17:03:38Z</ModuleTime>
      <ModuleName>System.Reflection.TypeExtensions</ModuleName>
      <Classes />
    </Module>
    <Module skippedDueTo="Filter" hash="A9-4F-30-81-65-16-6D-57-B1-49-D4-8D-4A-C3-FC-BD-A2-28-3B-F6">
      <ModulePath>c:\program files\dotnet\shared\Microsoft.NETCore.App\2.1.0\System.Resources.Reader.dll</ModulePath>
      <ModuleTime>2018-05-15T17:03:38Z</ModuleTime>
      <ModuleName>System.Resources.Reader</ModuleName>
      <Classes />
    </Module>
    <Module skippedDueTo="Filter" hash="B6-31-CB-D2-F9-78-A5-13-D6-2C-D4-38-F8-52-3E-52-28-76-F3-43">
      <ModulePath>c:\program files\dotnet\shared\Microsoft.NETCore.App\2.1.0\System.Resources.Writer.dll</ModulePath>
      <ModuleTime>2018-05-15T17:03:38Z</ModuleTime>
      <ModuleName>System.Resources.Writer</ModuleName>
      <Classes />
    </Module>
    <Module skippedDueTo="Filter" hash="31-3F-A9-D0-29-8B-76-0B-A7-6B-6B-DD-B5-5C-19-17-0B-9F-61-9C">
      <ModulePath>c:\program files\dotnet\shared\Microsoft.NETCore.App\2.1.0\System.Runtime.CompilerServices.VisualC.dll</ModulePath>
      <ModuleTime>2018-05-15T17:03:38Z</ModuleTime>
      <ModuleName>System.Runtime.CompilerServices.VisualC</ModuleName>
      <Classes />
    </Module>
    <Module skippedDueTo="Filter" hash="A9-4D-FD-C9-1F-10-4D-E0-F9-5F-FE-EC-F0-D1-B2-78-31-1A-8E-4D">
      <ModulePath>c:\program files\dotnet\shared\Microsoft.NETCore.App\2.1.0\System.Runtime.Handles.dll</ModulePath>
      <ModuleTime>2018-05-15T17:03:38Z</ModuleTime>
      <ModuleName>System.Runtime.Handles</ModuleName>
      <Classes />
    </Module>
    <Module skippedDueTo="Filter" hash="BA-DF-1E-96-62-E9-1E-1C-5D-BD-37-09-7C-61-5D-C9-F2-1C-F1-31">
      <ModulePath>c:\program files\dotnet\shared\Microsoft.NETCore.App\2.1.0\System.Runtime.InteropServices.WindowsRuntime.dll</ModulePath>
      <ModuleTime>2018-05-15T17:03:38Z</ModuleTime>
      <ModuleName>System.Runtime.InteropServices.WindowsRuntime</ModuleName>
      <Classes />
    </Module>
    <Module skippedDueTo="Filter" hash="A2-2B-54-37-17-00-1E-EF-79-AE-A3-33-ED-63-E0-49-8A-A8-BA-8F">
      <ModulePath>c:\program files\dotnet\shared\Microsoft.NETCore.App\2.1.0\System.Runtime.Serialization.Json.dll</ModulePath>
      <ModuleTime>2018-05-15T17:03:38Z</ModuleTime>
      <ModuleName>System.Runtime.Serialization.Json</ModuleName>
      <Classes />
    </Module>
    <Module skippedDueTo="Filter" hash="C8-5B-E4-A4-7D-15-CF-0B-73-FC-38-97-E3-75-6F-B1-1A-80-21-B7">
      <ModulePath>c:\program files\dotnet\shared\Microsoft.NETCore.App\2.1.0\System.Runtime.Serialization.Xml.dll</ModulePath>
      <ModuleTime>2018-05-15T17:03:38Z</ModuleTime>
      <ModuleName>System.Runtime.Serialization.Xml</ModuleName>
      <Classes />
    </Module>
    <Module skippedDueTo="Filter" hash="C1-9F-F4-8E-79-52-57-DC-91-43-BB-5A-56-39-61-16-E2-28-64-4A">
      <ModulePath>c:\program files\dotnet\shared\Microsoft.NETCore.App\2.1.0\System.Runtime.Serialization.dll</ModulePath>
      <ModuleTime>2018-05-15T17:03:38Z</ModuleTime>
      <ModuleName>System.Runtime.Serialization</ModuleName>
      <Classes />
    </Module>
    <Module skippedDueTo="Filter" hash="06-17-26-DD-65-DD-EF-6E-2E-D9-3B-5F-6B-34-E5-D7-6D-F3-F7-E0">
      <ModulePath>c:\program files\dotnet\shared\Microsoft.NETCore.App\2.1.0\System.Security.Cryptography.Encoding.dll</ModulePath>
      <ModuleTime>2018-05-15T17:03:38Z</ModuleTime>
      <ModuleName>System.Security.Cryptography.Encoding</ModuleName>
      <Classes />
    </Module>
    <Module skippedDueTo="Filter" hash="96-1F-A5-9A-60-99-81-FC-8E-F0-9A-6E-0B-B0-7C-FD-63-B6-C5-CD">
      <ModulePath>c:\program files\dotnet\shared\Microsoft.NETCore.App\2.1.0\System.Security.Cryptography.Primitives.dll</ModulePath>
      <ModuleTime>2018-05-15T17:03:38Z</ModuleTime>
      <ModuleName>System.Security.Cryptography.Primitives</ModuleName>
      <Classes />
    </Module>
    <Module skippedDueTo="Filter" hash="98-CE-2F-DB-D2-C0-10-C6-1F-63-48-15-2C-85-9D-EA-9D-1B-74-16">
      <ModulePath>c:\program files\dotnet\shared\Microsoft.NETCore.App\2.1.0\System.Security.Cryptography.Cng.dll</ModulePath>
      <ModuleTime>2018-05-15T17:03:38Z</ModuleTime>
      <ModuleName>System.Security.Cryptography.Cng</ModuleName>
      <Classes />
    </Module>
    <Module skippedDueTo="Filter" hash="F2-E3-F1-2F-17-27-CC-06-00-09-03-40-C1-CF-71-AA-C4-63-03-C5">
      <ModulePath>c:\program files\dotnet\shared\Microsoft.NETCore.App\2.1.0\System.Security.Cryptography.Csp.dll</ModulePath>
      <ModuleTime>2018-05-15T17:03:38Z</ModuleTime>
      <ModuleName>System.Security.Cryptography.Csp</ModuleName>
      <Classes />
    </Module>
    <Module skippedDueTo="Filter" hash="66-A6-2C-FC-07-15-8B-8A-1B-24-D2-E1-00-82-8C-C3-D7-9E-46-CE">
      <ModulePath>c:\program files\dotnet\shared\Microsoft.NETCore.App\2.1.0\System.Security.Cryptography.OpenSsl.dll</ModulePath>
      <ModuleTime>2018-05-15T17:03:38Z</ModuleTime>
      <ModuleName>System.Security.Cryptography.OpenSsl</ModuleName>
      <Classes />
    </Module>
    <Module skippedDueTo="Filter" hash="86-42-72-F8-ED-AC-F1-43-74-67-E1-14-46-B9-B2-B9-6A-EB-E4-94">
      <ModulePath>c:\program files\dotnet\shared\Microsoft.NETCore.App\2.1.0\System.Security.SecureString.dll</ModulePath>
      <ModuleTime>2018-05-15T17:03:38Z</ModuleTime>
      <ModuleName>System.Security.SecureString</ModuleName>
      <Classes />
    </Module>
    <Module skippedDueTo="Filter" hash="05-F0-42-16-F1-7E-B6-00-97-2E-E2-FA-A8-E5-B1-B2-4F-92-F8-54">
      <ModulePath>c:\program files\dotnet\shared\Microsoft.NETCore.App\2.1.0\System.Security.dll</ModulePath>
      <ModuleTime>2018-05-15T17:03:38Z</ModuleTime>
      <ModuleName>System.Security</ModuleName>
      <Classes />
    </Module>
    <Module skippedDueTo="Filter" hash="EF-DB-FA-8A-09-73-8C-B7-AF-1A-5B-5D-D2-00-79-29-D5-F0-2C-32">
      <ModulePath>c:\program files\dotnet\shared\Microsoft.NETCore.App\2.1.0\System.ServiceModel.Web.dll</ModulePath>
      <ModuleTime>2018-05-15T17:03:38Z</ModuleTime>
      <ModuleName>System.ServiceModel.Web</ModuleName>
      <Classes />
    </Module>
    <Module skippedDueTo="Filter" hash="B0-70-4F-08-CF-A8-F9-1A-84-DF-F1-D7-DC-17-BC-C8-01-43-18-DF">
      <ModulePath>c:\program files\dotnet\shared\Microsoft.NETCore.App\2.1.0\System.ServiceProcess.dll</ModulePath>
      <ModuleTime>2018-05-15T17:03:38Z</ModuleTime>
      <ModuleName>System.ServiceProcess</ModuleName>
      <Classes />
    </Module>
    <Module skippedDueTo="Filter" hash="2B-15-19-D9-E6-56-DC-AC-E0-43-94-94-4C-00-47-20-93-31-C3-E5">
      <ModulePath>c:\program files\dotnet\shared\Microsoft.NETCore.App\2.1.0\System.Threading.Tasks.Dataflow.dll</ModulePath>
      <ModuleTime>2018-05-15T17:03:38Z</ModuleTime>
      <ModuleName>System.Threading.Tasks.Dataflow</ModuleName>
      <Classes />
    </Module>
    <Module skippedDueTo="Filter" hash="B9-12-32-8A-AD-BC-F6-A8-84-7D-13-F1-AA-E9-4C-47-40-3A-06-23">
      <ModulePath>c:\program files\dotnet\shared\Microsoft.NETCore.App\2.1.0\System.Threading.Tasks.Extensions.dll</ModulePath>
      <ModuleTime>2018-05-15T17:03:38Z</ModuleTime>
      <ModuleName>System.Threading.Tasks.Extensions</ModuleName>
      <Classes />
    </Module>
    <Module skippedDueTo="Filter" hash="DC-EE-C1-38-F2-18-91-33-F1-C3-BD-36-22-CF-EB-CB-64-37-AA-32">
      <ModulePath>c:\program files\dotnet\shared\Microsoft.NETCore.App\2.1.0\System.Threading.Tasks.Parallel.dll</ModulePath>
      <ModuleTime>2018-05-15T17:03:38Z</ModuleTime>
      <ModuleName>System.Threading.Tasks.Parallel</ModuleName>
      <Classes />
    </Module>
    <Module skippedDueTo="Filter" hash="3D-64-CA-C4-6A-0A-09-53-17-45-A0-C9-96-02-F5-17-AC-9F-10-38">
      <ModulePath>c:\program files\dotnet\shared\Microsoft.NETCore.App\2.1.0\System.Transactions.Local.dll</ModulePath>
      <ModuleTime>2018-05-15T17:03:38Z</ModuleTime>
      <ModuleName>System.Transactions.Local</ModuleName>
      <Classes />
    </Module>
    <Module skippedDueTo="Filter" hash="87-72-FF-A1-AB-5C-F4-5D-45-27-32-53-2D-4A-73-F5-01-49-F0-9E">
      <ModulePath>c:\program files\dotnet\shared\Microsoft.NETCore.App\2.1.0\System.Transactions.dll</ModulePath>
      <ModuleTime>2018-05-15T17:03:38Z</ModuleTime>
      <ModuleName>System.Transactions</ModuleName>
      <Classes />
    </Module>
    <Module skippedDueTo="Filter" hash="C7-CF-E0-B1-65-AF-B8-8A-7E-2D-D3-21-7C-90-98-1F-F6-01-B7-E6">
      <ModulePath>c:\program files\dotnet\shared\Microsoft.NETCore.App\2.1.0\System.ValueTuple.dll</ModulePath>
      <ModuleTime>2018-05-15T17:03:38Z</ModuleTime>
      <ModuleName>System.ValueTuple</ModuleName>
      <Classes />
    </Module>
    <Module skippedDueTo="Filter" hash="01-B8-17-FC-FB-97-FB-04-E9-16-10-E1-1E-A1-85-89-1D-5A-76-6B">
      <ModulePath>c:\program files\dotnet\shared\Microsoft.NETCore.App\2.1.0\System.Web.HttpUtility.dll</ModulePath>
      <ModuleTime>2018-05-15T17:03:38Z</ModuleTime>
      <ModuleName>System.Web.HttpUtility</ModuleName>
      <Classes />
    </Module>
    <Module skippedDueTo="Filter" hash="18-D5-10-4C-6A-2C-F5-46-B2-94-C5-3A-42-E8-AA-7A-96-AC-1C-BA">
      <ModulePath>c:\program files\dotnet\shared\Microsoft.NETCore.App\2.1.0\System.Web.dll</ModulePath>
      <ModuleTime>2018-05-15T17:03:38Z</ModuleTime>
      <ModuleName>System.Web</ModuleName>
      <Classes />
    </Module>
    <Module skippedDueTo="Filter" hash="A4-E3-23-6F-3C-66-3F-6E-9A-E5-3F-4B-A0-39-C4-70-0B-50-1E-E7">
      <ModulePath>c:\program files\dotnet\shared\Microsoft.NETCore.App\2.1.0\System.Windows.dll</ModulePath>
      <ModuleTime>2018-05-15T17:03:38Z</ModuleTime>
      <ModuleName>System.Windows</ModuleName>
      <Classes />
    </Module>
    <Module skippedDueTo="Filter" hash="83-81-68-73-F2-25-78-8F-A7-2E-8F-F4-1A-AD-2E-D1-0D-95-D7-91">
      <ModulePath>c:\program files\dotnet\shared\Microsoft.NETCore.App\2.1.0\System.Xml.Linq.dll</ModulePath>
      <ModuleTime>2018-05-15T17:03:38Z</ModuleTime>
      <ModuleName>System.Xml.Linq</ModuleName>
      <Classes />
    </Module>
    <Module skippedDueTo="Filter" hash="23-83-4D-9B-46-B5-72-B4-66-07-AB-2F-20-FD-C1-2C-3A-95-6B-5B">
      <ModulePath>c:\program files\dotnet\shared\Microsoft.NETCore.App\2.1.0\System.Xml.Serialization.dll</ModulePath>
      <ModuleTime>2018-05-15T17:03:38Z</ModuleTime>
      <ModuleName>System.Xml.Serialization</ModuleName>
      <Classes />
    </Module>
    <Module skippedDueTo="Filter" hash="52-55-69-93-B4-F6-30-2E-5C-73-BF-F0-E9-55-23-F6-B4-CE-50-DF">
      <ModulePath>c:\program files\dotnet\shared\Microsoft.NETCore.App\2.1.0\System.Xml.XPath.XDocument.dll</ModulePath>
      <ModuleTime>2018-05-15T17:03:38Z</ModuleTime>
      <ModuleName>System.Xml.XPath.XDocument</ModuleName>
      <Classes />
    </Module>
    <Module skippedDueTo="Filter" hash="27-01-11-06-A9-A2-0E-E7-B0-AA-15-71-30-D7-F9-91-05-3C-3E-B1">
      <ModulePath>c:\program files\dotnet\shared\Microsoft.NETCore.App\2.1.0\System.Xml.XmlSerializer.dll</ModulePath>
      <ModuleTime>2018-05-15T17:03:40Z</ModuleTime>
      <ModuleName>System.Xml.XmlSerializer</ModuleName>
      <Classes />
    </Module>
    <Module skippedDueTo="Filter" hash="A9-EC-E4-42-AC-07-BE-CA-81-CC-7E-A0-C9-5D-AF-B1-DD-1C-78-33">
      <ModulePath>c:\program files\dotnet\shared\Microsoft.NETCore.App\2.1.0\System.Xml.dll</ModulePath>
      <ModuleTime>2018-05-15T17:03:40Z</ModuleTime>
      <ModuleName>System.Xml</ModuleName>
      <Classes />
    </Module>
    <Module skippedDueTo="Filter" hash="AB-47-A8-D9-D6-6A-5A-D0-1C-C1-8A-61-58-EF-9A-8F-AE-97-06-71">
      <ModulePath>c:\program files\dotnet\shared\Microsoft.NETCore.App\2.1.0\System.dll</ModulePath>
      <ModuleTime>2018-05-15T17:03:40Z</ModuleTime>
      <ModuleName>System</ModuleName>
      <Classes />
    </Module>
    <Module skippedDueTo="MissingPdb" hash="36-03-43-0A-D6-05-D1-4D-71-4C-C8-C0-AA-DE-8B-6A-3E-33-0A-3A">
      <ModulePath>c:\program files\dotnet\shared\Microsoft.NETCore.App\2.1.0\WindowsBase.dll</ModulePath>
      <ModuleTime>2018-05-15T17:03:40Z</ModuleTime>
      <ModuleName>WindowsBase</ModuleName>
      <Classes />
    </Module>
    <Module skippedDueTo="Filter" hash="44-8B-AD-FD-2A-B5-FE-44-6C-1A-41-86-21-22-10-6D-A9-78-FA-D1">
      <ModulePath>c:\program files\dotnet\shared\Microsoft.NETCore.App\2.1.0\mscorlib.dll</ModulePath>
      <ModuleTime>2018-05-15T17:03:32Z</ModuleTime>
      <ModuleName>mscorlib</ModuleName>
      <Classes />
    </Module>
    <Module skippedDueTo="MissingPdb" hash="0B-62-40-90-58-76-E8-86-0D-1A-DC-F5-78-DB-B7-94-BC-00-10-0C">
      <ModulePath>C:\dev\github\nstep\TheFlow\test\TheFlow.Tests\bin\Debug\netcoreapp2.1\xunit.runner.reporters.netcoreapp10.dll</ModulePath>
      <ModuleTime>2018-07-17T07:18:26Z</ModuleTime>
      <ModuleName>xunit.runner.reporters.netcoreapp10</ModuleName>
      <Classes />
    </Module>
    <Module skippedDueTo="MissingPdb" hash="16-7C-D1-8D-0E-08-82-D2-50-9C-9A-FF-7A-6F-C1-DB-D3-21-8A-72">
      <ModulePath>C:\dev\github\nstep\TheFlow\test\TheFlow.Tests\bin\Debug\netcoreapp2.1\xunit.runner.visualstudio.dotnetcore.testadapter.dll</ModulePath>
      <ModuleTime>2018-07-17T07:18:28Z</ModuleTime>
      <ModuleName>xunit.runner.visualstudio.dotnetcore.testadapter</ModuleName>
      <Classes />
    </Module>
    <Module skippedDueTo="Filter" hash="90-9A-ED-47-04-2B-8A-42-2C-26-2D-AC-58-1F-41-AA-7C-AB-DA-48">
      <ModulePath>c:\program files\dotnet\shared\Microsoft.NETCore.App\2.1.0\System.Threading.ThreadPool.dll</ModulePath>
      <ModuleTime>2018-05-15T17:03:38Z</ModuleTime>
      <ModuleName>System.Threading.ThreadPool</ModuleName>
      <Classes />
    </Module>
    <Module skippedDueTo="Filter" hash="C0-16-E9-9B-FF-FA-5B-79-E3-1C-03-FB-3D-CB-62-55-5D-54-B0-65">
      <ModulePath>c:\program files\dotnet\shared\Microsoft.NETCore.App\2.1.0\System.Collections.NonGeneric.dll</ModulePath>
      <ModuleTime>2018-05-15T17:03:34Z</ModuleTime>
      <ModuleName>System.Collections.NonGeneric</ModuleName>
      <Classes />
    </Module>
  </Modules>
</CoverageSession>